1116.824: started location data observation of C6:8E:82:5A:0A:06
1116.906: 0x…D31C location data: position: x=899 y=-55 z=1230 q=56; distances: D286 distance=Distance{length=667, quality=100}, 151A distance=Distance{length=4891, quality=100}, 57B0 distance=Distance{length=4155, quality=100}, 47B2 distance=Distance{length=5621, quality=100}
1117.008: 0x…D31C location data: position: x=643 y=226 z=1207 q=72; distances: D286 distance=Distance{length=639, quality=100}, 151A distance=Distance{length=4844, quality=100}, 57B0 distance=Distance{length=4215, quality=100}, 47B2 distance=Distance{length=5649, quality=100}
1117.108: 0x…D31C location data: distances: D286 distance=Distance{length=573, quality=100}, 57B0 distance=Distance{length=4206, quality=100}, 151A distance=Distance{length=4848, quality=100}, 47B2 distance=Distance{length=5541, quality=100}
1117.206: 0x…D31C location data: position: x=460 y=436 z=1234 q=72; distances: D286 distance=Distance{length=587, quality=100}, 57B0 distance=Distance{length=4220, quality=100}, 47B2 distance=Distance{length=5616, quality=100}, 151A distance=Distance{length=4801, quality=100}
1117.308: 0x…D31C location data: position: x=595 y=256 z=1250 q=58; distances: D286 distance=Distance{length=559, quality=100}, 57B0 distance=Distance{length=4197, quality=100}, 151A distance=Distance{length=4834, quality=100}, 47B2 distance=Distance{length=5654, quality=100}
1117.408: 0x…D31C location data: distances: D286 distance=Distance{length=620, quality=100}, 57B0 distance=Distance{length=4188, quality=100}, 151A distance=Distance{length=4830, quality=100}, 47B2 distance=Distance{length=5551, quality=100}
1117.508: 0x…D31C location data: distances: D286 distance=Distance{length=624, quality=100}, 57B0 distance=Distance{length=4262, quality=100}, 47B2 distance=Distance{length=5588, quality=100}, 151A distance=Distance{length=4787, quality=100}
1117.609: 0x…D31C location data: position: x=699 y=118 z=1210 q=58; distances: D286 distance=Distance{length=629, quality=100}, 57B0 distance=Distance{length=4220, quality=100}, 47B2 distance=Distance{length=5663, quality=100}, 151A distance=Distance{length=4830, quality=100}
1117.709: 0x…D31C location data: distances: D286 distance=Distance{length=559, quality=100}, 57B0 distance=Distance{length=4220, quality=100}, 151A distance=Distance{length=4872, quality=100}, 47B2 distance=Distance{length=5565, quality=100}
1117.808: 0x…D31C location data: distances: D286 distance=Distance{length=568, quality=100}, 57B0 distance=Distance{length=4183, quality=100}, 47B2 distance=Distance{length=5607, quality=100}, 151A distance=Distance{length=4891, quality=100}
1117.907: 0x…D31C location data: distances: D286 distance=Distance{length=624, quality=100}, 57B0 distance=Distance{length=4248, quality=100}, 47B2 distance=Distance{length=5555, quality=100}, 151A distance=Distance{length=4848, quality=100}
1118.009: 0x…D31C location data: position: x=799 y=16 z=1272 q=58; distances: D286 distance=Distance{length=639, quality=100}, 57B0 distance=Distance{length=4220, quality=100}, 47B2 distance=Distance{length=5588, quality=100}, 151A distance=Distance{length=4848, quality=100}
1118.109: 0x…D31C location data: distances: D286 distance=Distance{length=578, quality=100}, 151A distance=Distance{length=4853, quality=100}, 57B0 distance=Distance{length=4211, quality=100}, 47B2 distance=Distance{length=5532, quality=100}
1118.209: 0x…D31C location data: distances: D286 distance=Distance{length=601, quality=100}, 57B0 distance=Distance{length=4239, quality=100}, 47B2 distance=Distance{length=5560, quality=100}, 151A distance=Distance{length=4839, quality=100}
1118.309: 0x…D31C location data: distances: D286 distance=Distance{length=573, quality=100}, 57B0 distance=Distance{length=4220, quality=100}, 47B2 distance=Distance{length=5598, quality=100}, 151A distance=Distance{length=4848, quality=100}
1118.410: 0x…D31C location data: distances: D286 distance=Distance{length=653, quality=100}, 57B0 distance=Distance{length=4215, quality=100}, 47B2 distance=Distance{length=5593, quality=100}, 151A distance=Distance{length=4844, quality=100}
1118.511: 0x…D31C location data: distances: D286 distance=Distance{length=606, quality=100}, 57B0 distance=Distance{length=4271, quality=100}, 47B2 distance=Distance{length=5574, quality=100}, 151A distance=Distance{length=4825, quality=100}
1118.609: 0x…D31C location data: position: x=863 y=-60 z=1241 q=58; distances: D286 distance=Distance{length=648, quality=100}, 57B0 distance=Distance{length=4225, quality=100}, 47B2 distance=Distance{length=5630, quality=100}, 151A distance=Distance{length=4797, quality=100}
1118.709: 0x…D31C location data: distances: D286 distance=Distance{length=643, quality=100}, 151A distance=Distance{length=4867, quality=100}, 57B0 distance=Distance{length=4211, quality=100}, 47B2 distance=Distance{length=5518, quality=100}
1118.809: 0x…D31C location data: distances: D286 distance=Distance{length=690, quality=100}, 57B0 distance=Distance{length=4253, quality=100}, 47B2 distance=Distance{length=5537, quality=100}, 151A distance=Distance{length=4816, quality=100}
1118.910: 0x…D31C location data: distances: D286 distance=Distance{length=639, quality=100}, 57B0 distance=Distance{length=4202, quality=100}, 47B2 distance=Distance{length=5598, quality=100}, 151A distance=Distance{length=4797, quality=100}
1119.009: 0x…D31C location data: position: x=620 y=239 z=1245 q=72; distances: D286 distance=Distance{length=671, quality=100}, 57B0 distance=Distance{length=4211, quality=100}, 47B2 distance=Distance{length=5593, quality=100}, 151A distance=Distance{length=4834, quality=100}
1119.112: 0x…D31C location data: position: x=742 y=138 z=1253 q=56; distances: D286 distance=Distance{length=643, quality=100}, 57B0 distance=Distance{length=4108, quality=100}, 151A distance=Distance{length=4816, quality=100}, 47B2 distance=Distance{length=5494, quality=100}
1119.209: 0x…D31C location data: distances: D286 distance=Distance{length=639, quality=100}, 57B0 distance=Distance{length=4164, quality=100}, 151A distance=Distance{length=4853, quality=100}, 47B2 distance=Distance{length=5476, quality=100}
1119.309: 0x…D31C location data: distances: D286 distance=Distance{length=667, quality=100}, 57B0 distance=Distance{length=4192, quality=100}, 47B2 distance=Distance{length=5518, quality=100}, 151A distance=Distance{length=4764, quality=100}
1119.409: 0x…D31C location data: distances: D286 distance=Distance{length=704, quality=100}, 57B0 distance=Distance{length=4159, quality=100}, 47B2 distance=Distance{length=5523, quality=100}, 151A distance=Distance{length=4853, quality=100}
1119.509: 0x…D31C location data: distances: D286 distance=Distance{length=700, quality=100}, 57B0 distance=Distance{length=4099, quality=100}, 47B2 distance=Distance{length=5443, quality=100}, 151A distance=Distance{length=4816, quality=100}
1119.609: 0x…D31C location data: position: x=868 y=81 z=1214 q=55; distances: D286 distance=Distance{length=812, quality=100}, 57B0 distance=Distance{length=4080, quality=100}, 47B2 distance=Distance{length=5354, quality=100}, 151A distance=Distance{length=4759, quality=100}
1119.710: 0x…D31C location data: position: x=939 y=50 z=1172 q=57; distances: D286 distance=Distance{length=737, quality=100}, 151A distance=Distance{length=4698, quality=100}, 57B0 distance=Distance{length=4014, quality=100}, 47B2 distance=Distance{length=5387, quality=100}
1119.810: 0x…D31C location data: position: x=1019 y=45 z=1123 q=59; distances: D286 distance=Distance{length=864, quality=100}, 151A distance=Distance{length=4740, quality=100}, 57B0 distance=Distance{length=3981, quality=100}, 47B2 distance=Distance{length=5265, quality=100}
1119.910: 0x…D31C location data: position: x=1042 y=122 z=1067 q=65; distances: D286 distance=Distance{length=913, quality=100}, 151A distance=Distance{length=4750, quality=100}, 57B0 distance=Distance{length=3743, quality=100}, 47B2 distance=Distance{length=5242, quality=100}
1120.010: 0x…D31C location data: position: x=1111 y=97 z=1061 q=60; distances: D286 distance=Distance{length=895, quality=100}, 151A distance=Distance{length=4675, quality=100}, 57B0 distance=Distance{length=4000, quality=100}, 47B2 distance=Distance{length=5228, quality=100}
1120.109: 0x…D31C location data: distances: D286 distance=Distance{length=937, quality=100}, 151A distance=Distance{length=4656, quality=100}, 57B0 distance=Distance{length=3948, quality=100}, 47B2 distance=Distance{length=4993, quality=100}
1120.210: 0x…D31C location data: position: x=1180 y=131 z=1090 q=62; distances: D286 distance=Distance{length=942, quality=100}, 57B0 distance=Distance{length=3808, quality=100}, 47B2 distance=Distance{length=5017, quality=100}, 151A distance=Distance{length=4590, quality=100}
1120.311: 0x…D31C location data: position: x=1239 y=183 z=1061 q=61; distances: D286 distance=Distance{length=1049, quality=100}, 151A distance=Distance{length=4417, quality=100}, 57B0 distance=Distance{length=3738, quality=100}, 47B2 distance=Distance{length=4933, quality=100}
1120.409: 0x…D31C location data: position: x=1295 y=228 z=1007 q=60; distances: D286 distance=Distance{length=1143, quality=100}, 151A distance=Distance{length=4661, quality=100}, 57B0 distance=Distance{length=3752, quality=100}, 47B2 distance=Distance{length=4900, quality=100}
1120.510: 0x…D31C location data: position: x=1347 y=308 z=992 q=58; distances: D286 distance=Distance{length=1292, quality=100}, 151A distance=Distance{length=4590, quality=100}, 57B0 distance=Distance{length=3677, quality=100}, 47B2 distance=Distance{length=4825, quality=100}
1120.610: 0x…D31C location data: position: x=1341 y=403 z=953 q=59; distances: D286 distance=Distance{length=1334, quality=100}, 151A distance=Distance{length=4529, quality=100}, 57B0 distance=Distance{length=3602, quality=100}, 47B2 distance=Distance{length=4966, quality=100}
1120.710: 0x…D31C location data: position: x=1375 y=487 z=918 q=56; distances: D286 distance=Distance{length=1489, quality=100}, 151A distance=Distance{length=4464, quality=100}, 57B0 distance=Distance{length=3616, quality=100}, 47B2 distance=Distance{length=4825, quality=100}
1120.810: 0x…D31C location data: position: x=1420 y=557 z=1020 q=58; distances: D286 distance=Distance{length=1442, quality=100}, 151A distance=Distance{length=4562, quality=100}, 57B0 distance=Distance{length=3564, quality=100}, 47B2 distance=Distance{length=4708, quality=100}
1120.911: 0x…D31C location data: position: x=1439 y=649 z=1048 q=60; distances: D286 distance=Distance{length=1597, quality=100}, 151A distance=Distance{length=4553, quality=100}, 57B0 distance=Distance{length=3508, quality=100}, 47B2 distance=Distance{length=4750, quality=100}
1121.010: 0x…D31C location data: position: x=1451 y=714 z=1001 q=56; distances: D286 distance=Distance{length=1456, quality=100}, 151A distance=Distance{length=4398, quality=100}, 57B0 distance=Distance{length=3358, quality=100}, 47B2 distance=Distance{length=4595, quality=100}
1121.111: 0x…D31C location data: position: x=1462 y=775 z=1023 q=60; distances: D286 distance=Distance{length=1522, quality=100}, 151A distance=Distance{length=4736, quality=100}, 57B0 distance=Distance{length=3382, quality=100}, 47B2 distance=Distance{length=4633, quality=100}
1121.225: 0x…D31C location data: position: x=1483 y=819 z=968 q=58; distances: D286 distance=Distance{length=1545, quality=100}, 151A distance=Distance{length=4759, quality=100}, 57B0 distance=Distance{length=3353, quality=100}, 47B2 distance=Distance{length=4529, quality=100}
1121.311: 0x…D31C location data: position: x=1494 y=891 z=1023 q=66; distances: D286 distance=Distance{length=1611, quality=100}, 151A distance=Distance{length=4778, quality=100}, 57B0 distance=Distance{length=3250, quality=100}, 47B2 distance=Distance{length=4501, quality=100}
1121.411: 0x…D31C location data: position: x=1501 y=951 z=1094 q=67; distances: D286 distance=Distance{length=1606, quality=100}, 151A distance=Distance{length=4764, quality=100}, 57B0 distance=Distance{length=3222, quality=100}, 47B2 distance=Distance{length=4483, quality=100}
1121.511: 0x…D31C location data: position: x=1511 y=991 z=1104 q=66; distances: D286 distance=Distance{length=1634, quality=100}, 57B0 distance=Distance{length=3260, quality=100}, 151A distance=Distance{length=4759, quality=100}, 47B2 distance=Distance{length=4492, quality=100}
1121.611: 0x…D31C location data: position: x=1527 y=1053 z=1048 q=67; distances: D286 distance=Distance{length=1798, quality=100}, 57B0 distance=Distance{length=3199, quality=100}, 151A distance=Distance{length=4750, quality=100}, 47B2 distance=Distance{length=4407, quality=100}
1121.711: 0x…D31C location data: position: x=1553 y=1123 z=1080 q=74; distances: D286 distance=Distance{length=1831, quality=100}, 57B0 distance=Distance{length=3101, quality=100}, 151A distance=Distance{length=4665, quality=100}, 47B2 distance=Distance{length=4276, quality=100}
1121.811: 0x…D31C location data: position: x=1569 y=1180 z=1012 q=70; distances: D286 distance=Distance{length=1817, quality=100}, 57B0 distance=Distance{length=3030, quality=100}, 151A distance=Distance{length=4637, quality=100}, 47B2 distance=Distance{length=4215, quality=100}
1121.912: 0x…D31C location data: position: x=1572 y=1270 z=1015 q=76; distances: D286 distance=Distance{length=1958, quality=100}, 57B0 distance=Distance{length=2918, quality=100}, 151A distance=Distance{length=4755, quality=100}, 47B2 distance=Distance{length=4197, quality=100}
1122.011: 0x…D31C location data: position: x=1609 y=1322 z=982 q=76; distances: D286 distance=Distance{length=1953, quality=100}, 57B0 distance=Distance{length=2960, quality=100}, 151A distance=Distance{length=4764, quality=100}, 47B2 distance=Distance{length=4042, quality=100}
1122.110: 0x…D31C location data: position: x=1620 y=1379 z=963 q=77; distances: D286 distance=Distance{length=1943, quality=100}, 57B0 distance=Distance{length=2862, quality=100}, 151A distance=Distance{length=4764, quality=100}, 47B2 distance=Distance{length=4047, quality=100}
1122.211: 0x…D31C location data: position: x=1641 y=1451 z=1047 q=85; distances: D286 distance=Distance{length=2093, quality=100}, 57B0 distance=Distance{length=2843, quality=100}, 151A distance=Distance{length=4820, quality=100}, 47B2 distance=Distance{length=4000, quality=100}
1122.311: 0x…D31C location data: position: x=1666 y=1525 z=1110 q=87; distances: D286 distance=Distance{length=2173, quality=100}, 57B0 distance=Distance{length=2796, quality=100}, 151A distance=Distance{length=4792, quality=100}, 47B2 distance=Distance{length=3925, quality=100}
1122.409: 0x…D31C location data: position: x=1698 y=1583 z=1026 q=81; distances: D286 distance=Distance{length=2215, quality=100}, 57B0 distance=Distance{length=2796, quality=100}, 151A distance=Distance{length=4816, quality=100}, 47B2 distance=Distance{length=3832, quality=100}
1122.510: 0x…D31C location data: position: x=1701 y=1661 z=964 q=81; distances: D286 distance=Distance{length=2252, quality=100}, 57B0 distance=Distance{length=2637, quality=100}, 151A distance=Distance{length=4961, quality=100}, 47B2 distance=Distance{length=3818, quality=100}
1122.610: 0x…D31C location data: position: x=1709 y=1746 z=1012 q=90; distances: D286 distance=Distance{length=2370, quality=100}, 57B0 distance=Distance{length=2599, quality=100}, 151A distance=Distance{length=4937, quality=100}, 47B2 distance=Distance{length=3790, quality=100}
1122.710: 0x…D31C location data: position: x=1725 y=1828 z=965 q=86; distances: D286 distance=Distance{length=2412, quality=100}, 57B0 distance=Distance{length=2524, quality=100}, 151A distance=Distance{length=4947, quality=100}, 47B2 distance=Distance{length=3658, quality=100}
1122.811: 0x…D31C location data: position: x=1717 y=1910 z=922 q=85; distances: D286 distance=Distance{length=2431, quality=100}, 57B0 distance=Distance{length=2421, quality=100}, 151A distance=Distance{length=4928, quality=100}, 47B2 distance=Distance{length=3686, quality=100}
1122.910: 0x…D31C location data: position: x=1721 y=1991 z=876 q=83; distances: D286 distance=Distance{length=2529, quality=100}, 57B0 distance=Distance{length=2402, quality=100}, 151A distance=Distance{length=5012, quality=100}, 47B2 distance=Distance{length=3621, quality=100}
1123.010: 0x…D31C location data: position: x=1718 y=2081 z=837 q=81; distances: D286 distance=Distance{length=2609, quality=100}, 57B0 distance=Distance{length=2304, quality=100}, 151A distance=Distance{length=5073, quality=100}, 47B2 distance=Distance{length=3588, quality=100}
1123.111: 0x…D31C location data: position: x=1730 y=2139 z=968 q=92; distances: D286 distance=Distance{length=2614, quality=100}, 57B0 distance=Distance{length=2360, quality=100}, 151A distance=Distance{length=5167, quality=100}, 47B2 distance=Distance{length=3583, quality=100}
1123.211: 0x…D31C location data: position: x=1734 y=2215 z=1072 q=90; distances: D286 distance=Distance{length=2707, quality=100}, 57B0 distance=Distance{length=2252, quality=100}, 151A distance=Distance{length=5101, quality=100}, 47B2 distance=Distance{length=3532, quality=100}
1123.329: 0x…D31C location data: position: x=1740 y=2278 z=1051 q=85; distances: 57B0 distance=Distance{length=2191, quality=100}, D286 distance=Distance{length=2670, quality=100}, 47B2 distance=Distance{length=3447, quality=100}, 151A distance=Distance{length=5228, quality=100}
1123.413: 0x…D31C location data: position: x=1723 y=2358 z=1023 q=81; distances: 57B0 distance=Distance{length=2051, quality=100}, D286 distance=Distance{length=2740, quality=100}, 47B2 distance=Distance{length=3466, quality=100}, 151A distance=Distance{length=5251, quality=100}
1123.511: 0x…D31C location data: position: x=1700 y=2446 z=957 q=74; distances: 57B0 distance=Distance{length=1994, quality=100}, D286 distance=Distance{length=2852, quality=100}, 47B2 distance=Distance{length=3485, quality=100}, 151A distance=Distance{length=5289, quality=100}
1123.613: 0x…D31C location data: position: x=1695 y=2527 z=973 q=78; distances: 57B0 distance=Distance{length=2023, quality=100}, D286 distance=Distance{length=2974, quality=100}, 47B2 distance=Distance{length=3475, quality=100}, 151A distance=Distance{length=5331, quality=100}
1123.712: 0x…D31C location data: position: x=1708 y=2631 z=941 q=73; distances: 57B0 distance=Distance{length=2004, quality=100}, D286 distance=Distance{length=3185, quality=100}, 47B2 distance=Distance{length=3377, quality=100}, 151A distance=Distance{length=5321, quality=100}
1123.811: 0x…D31C location data: position: x=1702 y=2663 z=919 q=76; distances: 57B0 distance=Distance{length=1873, quality=100}, D286 distance=Distance{length=2796, quality=100}, 47B2 distance=Distance{length=3302, quality=100}, 151A distance=Distance{length=5494, quality=100}
1123.928: 0x…D31C location data: position: x=1701 y=2721 z=1009 q=79; distances: 57B0 distance=Distance{length=1915, quality=100}, D286 distance=Distance{length=3063, quality=100}, 47B2 distance=Distance{length=3386, quality=100}, 151A distance=Distance{length=5649, quality=100}
1124.011: 0x…D31C location data: position: x=1678 y=2809 z=948 q=66; distances: 57B0 distance=Distance{length=1751, quality=100}, D286 distance=Distance{length=3147, quality=100}, 47B2 distance=Distance{length=3372, quality=100}, 151A distance=Distance{length=5663, quality=100}
1124.112: 0x…D31C location data: position: x=1673 y=2913 z=923 q=64; distances: 57B0 distance=Distance{length=1681, quality=100}, D286 distance=Distance{length=3283, quality=100}, 47B2 distance=Distance{length=3264, quality=100}, 151A distance=Distance{length=5752, quality=100}
1124.229: 0x…D31C location data: position: x=1660 y=3000 z=1018 q=67; distances: 57B0 distance=Distance{length=1634, quality=100}, D286 distance=Distance{length=3349, quality=100}, 47B2 distance=Distance{length=3335, quality=100}, 151A distance=Distance{length=5766, quality=100}
1124.312: 0x…D31C location data: position: x=1625 y=3071 z=997 q=61; distances: 57B0 distance=Distance{length=1616, quality=100}, D286 distance=Distance{length=3363, quality=100}, 47B2 distance=Distance{length=3461, quality=100}, 151A distance=Distance{length=5724, quality=100}
1124.413: 0x…D31C location data: position: x=1599 y=3122 z=971 q=61; distances: 57B0 distance=Distance{length=1531, quality=100}, D286 distance=Distance{length=3260, quality=100}, 47B2 distance=Distance{length=3372, quality=100}, 151A distance=Distance{length=5748, quality=100}
1124.512: 0x…D31C location data: position: x=1576 y=3149 z=1022 q=65; distances: 57B0 distance=Distance{length=1475, quality=100}, D286 distance=Distance{length=3180, quality=100}, 47B2 distance=Distance{length=3363, quality=100}, 151A distance=Distance{length=5795, quality=100}
1124.613: 0x…D31C location data: position: x=1588 y=3219 z=1111 q=63; distances: 57B0 distance=Distance{length=1447, quality=100}, D286 distance=Distance{length=3396, quality=100}, 47B2 distance=Distance{length=3185, quality=100}, 151A distance=Distance{length=5827, quality=100}
1124.711: 0x…D31C location data: position: x=1561 y=3337 z=1063 q=57; distances: 57B0 distance=Distance{length=1301, quality=100}, D286 distance=Distance{length=3621, quality=100}, 47B2 distance=Distance{length=3316, quality=100}, 151A distance=Distance{length=5893, quality=100}
1124.813: 0x…D31C location data: position: x=1535 y=3443 z=1070 q=58; distances: 57B0 distance=Distance{length=1306, quality=100}, 47B2 distance=Distance{length=3405, quality=100}, D286 distance=Distance{length=3752, quality=100}, 151A distance=Distance{length=5912, quality=100}
1124.912: 0x…D31C location data: position: x=1521 y=3526 z=1081 q=58; distances: 57B0 distance=Distance{length=1316, quality=100}, 47B2 distance=Distance{length=3377, quality=100}, D286 distance=Distance{length=3776, quality=100}, 151A distance=Distance{length=5917, quality=100}
1125.011: 0x…D31C location data: position: x=1494 y=3612 z=1087 q=60; distances: 57B0 distance=Distance{length=1228, quality=100}, 47B2 distance=Distance{length=3433, quality=100}, D286 distance=Distance{length=3836, quality=100}, 151A distance=Distance{length=6343, quality=100}
1125.128: 0x…D31C location data: position: x=1481 y=3669 z=1115 q=59; distances: 57B0 distance=Distance{length=1246, quality=100}, 47B2 distance=Distance{length=3396, quality=100}, D286 distance=Distance{length=3813, quality=100}, 151A distance=Distance{length=7256, quality=100}
1125.213: 0x…D31C location data: position: x=1501 y=3729 z=1115 q=58; distances: 57B0 distance=Distance{length=1255, quality=100}, 47B2 distance=Distance{length=3180, quality=100}, D286 distance=Distance{length=3827, quality=100}, 151A distance=Distance{length=6034, quality=100}
1125.313: 0x…D31C location data: position: x=1517 y=3782 z=1113 q=59; distances: 57B0 distance=Distance{length=1251, quality=100}, 47B2 distance=Distance{length=3175, quality=100}, D286 distance=Distance{length=3859, quality=100}, 151A distance=Distance{length=6062, quality=100}
1125.414: 0x…D31C location data: position: x=1541 y=3864 z=1047 q=61; distances: 57B0 distance=Distance{length=1251, quality=100}, 47B2 distance=Distance{length=3049, quality=100}, D286 distance=Distance{length=3962, quality=100}, 151A distance=Distance{length=6067, quality=100}
1125.513: 0x…D31C location data: position: x=1575 y=3983 z=1076 q=57; distances: 57B0 distance=Distance{length=1209, quality=100}, 47B2 distance=Distance{length=2941, quality=100}, D286 distance=Distance{length=4164, quality=100}, 151A distance=Distance{length=6071, quality=100}
1125.613: 0x…D31C location data: position: x=1603 y=4050 z=1160 q=61; distances: 57B0 distance=Distance{length=1190, quality=100}, 47B2 distance=Distance{length=2913, quality=100}, D286 distance=Distance{length=4075, quality=100}, 151A distance=Distance{length=6075, quality=100}
1125.712: 0x…D31C location data: position: x=1642 y=4114 z=1132 q=56; distances: 57B0 distance=Distance{length=1316, quality=100}, 47B2 distance=Distance{length=2871, quality=100}, D286 distance=Distance{length=4174, quality=100}, 151A distance=Distance{length=6188, quality=100}
1125.814: 0x…D31C location data: position: x=1668 y=4172 z=1136 q=56; distances: 57B0 distance=Distance{length=1283, quality=100}, 47B2 distance=Distance{length=2871, quality=100}, D286 distance=Distance{length=4197, quality=100}, 151A distance=Distance{length=6197, quality=100}
1125.913: 0x…D31C location data: position: x=1722 y=4201 z=1082 q=54; distances: 57B0 distance=Distance{length=1470, quality=100}, 47B2 distance=Distance{length=2768, quality=100}, D286 distance=Distance{length=4220, quality=100}, 151A distance=Distance{length=6118, quality=100}
1126.013: 0x…D31C location data: position: x=1837 y=4106 z=1105 q=61; distances: 57B0 distance=Distance{length=2060, quality=100}, 47B2 distance=Distance{length=2772, quality=100}, D286 distance=Distance{length=4211, quality=100}, 151A distance=Distance{length=6076, quality=100}
1126.112: 0x…D31C location data: position: x=1864 y=4163 z=1112 q=54; distances: 57B0 distance=Distance{length=1480, quality=100}, 47B2 distance=Distance{length=2675, quality=100}, D286 distance=Distance{length=4267, quality=100}, 151A distance=Distance{length=6038, quality=100}
1126.215: 0x…D31C location data: distances: 57B0 distance=Distance{length=1339, quality=100}, 47B2 distance=Distance{length=2604, quality=100}, D286 distance=Distance{length=4295, quality=100}, 151A distance=Distance{length=5917, quality=100}
1126.316: 0x…D31C location data: distances: D286 distance=Distance{length=4379, quality=100}, 57B0 distance=Distance{length=1685, quality=100}, 47B2 distance=Distance{length=2515, quality=100}, 151A distance=Distance{length=5935, quality=100}
1126.412: 0x…D31C location data: position: x=1975 y=4063 z=1064 q=62; distances: D286 distance=Distance{length=4253, quality=100}, 57B0 distance=Distance{length=2238, quality=100}, 47B2 distance=Distance{length=2703, quality=100}, 151A distance=Distance{length=5813, quality=100}
1126.512: 0x…D31C location data: position: x=2012 y=4070 z=1018 q=53; distances: 57B0 distance=Distance{length=1821, quality=100}, 47B2 distance=Distance{length=2646, quality=100}, D286 distance=Distance{length=4248, quality=100}, 151A distance=Distance{length=5626, quality=100}
1126.613: 0x…D31C location data: position: x=2081 y=4061 z=1084 q=56; distances: 57B0 distance=Distance{length=1915, quality=100}, 47B2 distance=Distance{length=2431, quality=100}, D286 distance=Distance{length=4243, quality=100}, 151A distance=Distance{length=5729, quality=100}
1126.714: 0x…D31C location data: position: x=2160 y=4030 z=1110 q=61; distances: 57B0 distance=Distance{length=2041, quality=100}, 47B2 distance=Distance{length=2346, quality=100}, D286 distance=Distance{length=4220, quality=100}, 151A distance=Distance{length=5602, quality=100}
1126.814: 0x…D31C location data: position: x=2217 y=4022 z=1024 q=53; distances: 57B0 distance=Distance{length=2018, quality=100}, 47B2 distance=Distance{length=2323, quality=100}, D286 distance=Distance{length=4215, quality=100}, 151A distance=Distance{length=5565, quality=100}
1126.914: 0x…D31C location data: position: x=2306 y=3986 z=961 q=59; distances: 57B0 distance=Distance{length=2205, quality=100}, 47B2 distance=Distance{length=2163, quality=100}, D286 distance=Distance{length=4211, quality=100}, 151A distance=Distance{length=5588, quality=100}
1127.014: 0x…D31C location data: distances: 57B0 distance=Distance{length=2074, quality=100}, 47B2 distance=Distance{length=2084, quality=100}, D286 distance=Distance{length=4117, quality=100}, 151A distance=Distance{length=5405, quality=100}
1127.114: 0x…D31C location data: position: x=2387 y=3959 z=1010 q=64; distances: D286 distance=Distance{length=4197, quality=100}, 57B0 distance=Distance{length=2187, quality=100}, 47B2 distance=Distance{length=2027, quality=100}, 151A distance=Distance{length=5382, quality=100}
1127.213: 0x…D31C location data: position: x=2459 y=3917 z=1028 q=66; distances: 57B0 distance=Distance{length=2252, quality=100}, 47B2 distance=Distance{length=2013, quality=100}, D286 distance=Distance{length=4159, quality=100}, 151A distance=Distance{length=5377, quality=100}
1127.314: 0x…D31C location data: position: x=2564 y=3831 z=957 q=64; distances: 57B0 distance=Distance{length=2567, quality=100}, 47B2 distance=Distance{length=1953, quality=100}, D286 distance=Distance{length=4150, quality=100}, 151A distance=Distance{length=5157, quality=100}
1127.414: 0x…D31C location data: position: x=2682 y=3732 z=1017 q=71; distances: 47B2 distance=Distance{length=1958, quality=100}, 57B0 distance=Distance{length=2871, quality=100}, 151A distance=Distance{length=5176, quality=100}, D286 distance=Distance{length=4295, quality=100}
1127.531: 0x…D31C location data: position: x=2745 y=3735 z=952 q=58; distances: 47B2 distance=Distance{length=1958, quality=100}, 57B0 distance=Distance{length=2675, quality=100}, 151A distance=Distance{length=5120, quality=100}, D286 distance=Distance{length=4412, quality=100}
1127.609: 0x…D31C location data: position: x=2879 y=3634 z=932 q=65; distances: 47B2 distance=Distance{length=1850, quality=100}, 57B0 distance=Distance{length=3180, quality=100}, 151A distance=Distance{length=5110, quality=100}, D286 distance=Distance{length=4422, quality=100}
1127.714: 0x…D31C location data: position: x=2885 y=3640 z=979 q=66; distances: 47B2 distance=Distance{length=1821, quality=100}, 57B0 distance=Distance{length=2496, quality=100}, 151A distance=Distance{length=5049, quality=100}, D286 distance=Distance{length=4183, quality=100}
1127.830: 0x…D31C location data: position: x=2948 y=3574 z=1029 q=71; distances: 47B2 distance=Distance{length=1690, quality=100}, 57B0 distance=Distance{length=2786, quality=100}, 151A distance=Distance{length=5017, quality=100}, D286 distance=Distance{length=4122, quality=100}
1127.914: 0x…D31C location data: position: x=2983 y=3558 z=1018 q=66; distances: 47B2 distance=Distance{length=1723, quality=100}, 57B0 distance=Distance{length=2726, quality=100}, 151A distance=Distance{length=4960, quality=100}, D286 distance=Distance{length=4202, quality=100}
1128.014: 0x…D31C location data: distances: 47B2 distance=Distance{length=1583, quality=100}, 57B0 distance=Distance{length=2829, quality=100}, 151A distance=Distance{length=4952, quality=100}, D286 distance=Distance{length=4356, quality=100}
1128.113: 0x…D31C location data: position: x=3108 y=3492 z=1096 q=66; distances: D286 distance=Distance{length=4497, quality=100}, 57B0 distance=Distance{length=3330, quality=100}, 47B2 distance=Distance{length=1611, quality=100}, 151A distance=Distance{length=4928, quality=100}
1128.214: 0x…D31C location data: position: x=3170 y=3526 z=1124 q=59; distances: 47B2 distance=Distance{length=1489, quality=100}, 57B0 distance=Distance{length=3035, quality=100}, 151A distance=Distance{length=4919, quality=100}, D286 distance=Distance{length=4553, quality=100}
1128.313: 0x…D31C location data: position: x=3229 y=3578 z=1070 q=55; distances: 47B2 distance=Distance{length=1480, quality=100}, 57B0 distance=Distance{length=3105, quality=100}, 151A distance=Distance{length=4956, quality=100}, D286 distance=Distance{length=4689, quality=100}
1128.414: 0x…D31C location data: position: x=3303 y=3551 z=1030 q=57; distances: 47B2 distance=Distance{length=1475, quality=100}, 57B0 distance=Distance{length=3269, quality=100}, 151A distance=Distance{length=4769, quality=100}, D286 distance=Distance{length=4581, quality=100}
1128.514: 0x…D31C location data: position: x=3363 y=3570 z=1074 q=55; distances: 47B2 distance=Distance{length=1320, quality=100}, 57B0 distance=Distance{length=3217, quality=100}, 151A distance=Distance{length=4628, quality=100}, D286 distance=Distance{length=4680, quality=100}
1128.613: 0x…D31C location data: position: x=3401 y=3577 z=1141 q=57; distances: 47B2 distance=Distance{length=1339, quality=100}, 57B0 distance=Distance{length=3189, quality=100}, 151A distance=Distance{length=4590, quality=100}, D286 distance=Distance{length=4633, quality=100}
1128.715: 0x…D31C location data: position: x=3514 y=3473 z=1087 q=57; distances: 47B2 distance=Distance{length=1381, quality=100}, 57B0 distance=Distance{length=3658, quality=100}, 151A distance=Distance{length=4539, quality=100}, D286 distance=Distance{length=4619, quality=100}
1128.815: 0x…D31C location data: position: x=3317 y=3440 z=711 q=48; distances: 57B0 distance=Distance{length=3466, quality=100}, 151A distance=Distance{length=4525, quality=100}, D286 distance=Distance{length=4717, quality=100}
1128.914: 0x…D31C location data: position: x=3416 y=3464 z=775 q=57; distances: 47B2 distance=Distance{length=1269, quality=100}, 57B0 distance=Distance{length=3428, quality=100}, 151A distance=Distance{length=4543, quality=100}, D286 distance=Distance{length=4755, quality=100}
1129.015: 0x…D31C location data: position: x=3519 y=3470 z=934 q=58; distances: 47B2 distance=Distance{length=1209, quality=100}, 57B0 distance=Distance{length=3616, quality=100}, 151A distance=Distance{length=4520, quality=100}, D286 distance=Distance{length=4881, quality=100}
1129.115: 0x…D31C location data: position: x=3607 y=3473 z=935 q=59; distances: 47B2 distance=Distance{length=1278, quality=100}, 57B0 distance=Distance{length=3696, quality=100}, 151A distance=Distance{length=4473, quality=100}, D286 distance=Distance{length=4937, quality=100}
1129.216: 0x…D31C location data: position: x=3730 y=3389 z=930 q=51; distances: 47B2 distance=Distance{length=1442, quality=100}, 57B0 distance=Distance{length=4099, quality=100}, 151A distance=Distance{length=4422, quality=100}, D286 distance=Distance{length=4993, quality=100}
1129.299: 0x…D31C location data: position: x=3776 y=3426 z=968 q=60; distances: 47B2 distance=Distance{length=1270, quality=100}, 151A distance=Distance{length=4403, quality=100}, 57B0 distance=Distance{length=3808, quality=100}, D286 distance=Distance{length=5092, quality=100}
1129.415: 0x…D31C location data: position: x=3827 y=3455 z=984 q=61; distances: 47B2 distance=Distance{length=1129, quality=100}, 151A distance=Distance{length=4379, quality=100}, 57B0 distance=Distance{length=3780, quality=100}, D286 distance=Distance{length=5049, quality=100}
1129.517: 0x…D31C location data: position: x=3918 y=3428 z=962 q=43; distances: 47B2 distance=Distance{length=1148, quality=100}, 151A distance=Distance{length=4361, quality=100}, 57B0 distance=Distance{length=4038, quality=100}, D286 distance=Distance{length=5096, quality=100}
1129.599: 0x…D31C location data: position: x=3809 y=3657 z=1059 q=59; distances: 47B2 distance=Distance{length=1124, quality=100}, 151A distance=Distance{length=4136, quality=100}, 57B0 distance=Distance{length=3939, quality=100}, D286 distance=Distance{length=5068, quality=100}
1129.715: 0x…D31C location data: position: x=3892 y=3569 z=1073 q=48; distances: 47B2 distance=Distance{length=1134, quality=100}, 57B0 distance=Distance{length=3977, quality=100}, 151A distance=Distance{length=4141, quality=100}, D286 distance=Distance{length=5012, quality=100}
1129.815: 0x…D31C location data: position: x=3793 y=3751 z=1059 q=57; distances: 47B2 distance=Distance{length=1171, quality=100}, 151A distance=Distance{length=4113, quality=100}, 57B0 distance=Distance{length=3920, quality=100}, D286 distance=Distance{length=5063, quality=100}
1129.898: 0x…D31C location data: position: x=3733 y=3894 z=1319 q=53; distances: 47B2 distance=Distance{length=1157, quality=100}, 57B0 distance=Distance{length=4084, quality=100}, 151A distance=Distance{length=4131, quality=100}, D286 distance=Distance{length=5129, quality=100}
1130.016: 0x…D31C location data: position: x=3712 y=3956 z=1248 q=63; distances: 47B2 distance=Distance{length=1232, quality=100}, 57B0 distance=Distance{length=5134, quality=100}, 151A distance=Distance{length=4113, quality=100}, D286 distance=Distance{length=5237, quality=100}
1130.114: 0x…D31C location data: position: x=3701 y=3961 z=1165 q=61; distances: 47B2 distance=Distance{length=1278, quality=100}, 57B0 distance=Distance{length=4708, quality=100}, 151A distance=Distance{length=3967, quality=100}, D286 distance=Distance{length=5143, quality=100}
1130.199: 0x…D31C location data: position: x=3686 y=3967 z=1102 q=61; distances: 47B2 distance=Distance{length=1301, quality=100}, 57B0 distance=Distance{length=4300, quality=100}, 151A distance=Distance{length=3981, quality=100}, D286 distance=Distance{length=5129, quality=100}
1130.315: 0x…D31C location data: position: x=3827 y=3902 z=997 q=45; distances: 47B2 distance=Distance{length=1320, quality=100}, 57B0 distance=Distance{length=4365, quality=100}, 151A distance=Distance{length=3892, quality=100}, D286 distance=Distance{length=5293, quality=100}
1130.416: 0x…D31C location data: position: x=3929 y=3819 z=895 q=36; distances: 47B2 distance=Distance{length=1452, quality=100}, 57B0 distance=Distance{length=4393, quality=100}, 151A distance=Distance{length=3785, quality=100}, D286 distance=Distance{length=5148, quality=100}
1130.500: 0x…D31C location data: position: x=4018 y=3741 z=789 q=31; distances: 47B2 distance=Distance{length=1531, quality=100}, 57B0 distance=Distance{length=4478, quality=100}, 151A distance=Distance{length=3743, quality=100}, D286 distance=Distance{length=5265, quality=100}
1130.615: 0x…D31C location data: position: x=4021 y=3638 z=690 q=40; distances: 47B2 distance=Distance{length=1821, quality=100}, 151A distance=Distance{length=3668, quality=100}, 57B0 distance=Distance{length=4290, quality=100}, D286 distance=Distance{length=5045, quality=100}
1130.717: 0x…D31C location data: position: x=4053 y=3565 z=625 q=37; distances: 47B2 distance=Distance{length=1718, quality=100}, 151A distance=Distance{length=3639, quality=100}, 57B0 distance=Distance{length=4389, quality=100}, D286 distance=Distance{length=4947, quality=100}
1130.799: 0x…D31C location data: position: x=3959 y=3483 z=795 q=63; distances: 47B2 distance=Distance{length=1784, quality=100}, 151A distance=Distance{length=3541, quality=100}, 57B0 distance=Distance{length=4473, quality=100}, D286 distance=Distance{length=4905, quality=100}
1130.916: 0x…D31C location data: position: x=3869 y=3395 z=836 q=65; distances: 47B2 distance=Distance{length=1976, quality=100}, 151A distance=Distance{length=3513, quality=100}, 57B0 distance=Distance{length=4558, quality=100}, D286 distance=Distance{length=4801, quality=100}
1131.016: 0x…D31C location data: position: x=3948 y=3291 z=656 q=37; distances: 47B2 distance=Distance{length=2121, quality=100}, 151A distance=Distance{length=3410, quality=100}, 57B0 distance=Distance{length=4600, quality=100}, D286 distance=Distance{length=4923, quality=100}
1131.099: 0x…D31C location data: position: x=3990 y=3170 z=514 q=41; distances: 47B2 distance=Distance{length=2276, quality=100}, 151A distance=Distance{length=3292, quality=100}, 57B0 distance=Distance{length=4600, quality=100}, D286 distance=Distance{length=4778, quality=100}
1131.217: 0x…D31C location data: position: x=4016 y=3082 z=431 q=44; distances: 47B2 distance=Distance{length=2224, quality=100}, 151A distance=Distance{length=3269, quality=100}, 57B0 distance=Distance{length=4548, quality=100}, D286 distance=Distance{length=4755, quality=100}
1131.317: 0x…D31C location data: position: x=4019 y=2972 z=374 q=49; distances: 47B2 distance=Distance{length=2360, quality=100}, 151A distance=Distance{length=3133, quality=100}, 57B0 distance=Distance{length=4543, quality=100}, D286 distance=Distance{length=4830, quality=100}
1131.400: 0x…D31C location data: position: x=4036 y=2896 z=322 q=46; distances: 47B2 distance=Distance{length=2337, quality=100}, 151A distance=Distance{length=3147, quality=100}, 57B0 distance=Distance{length=4600, quality=100}, D286 distance=Distance{length=4787, quality=100}
1131.516: 0x…D31C location data: position: x=4058 y=2820 z=267 q=44; distances: 47B2 distance=Distance{length=2412, quality=100}, 151A distance=Distance{length=3105, quality=100}, 57B0 distance=Distance{length=4675, quality=100}, D286 distance=Distance{length=4740, quality=100}
1131.616: 0x…D31C location data: position: x=4024 y=2719 z=249 q=54; distances: 47B2 distance=Distance{length=2576, quality=100}, 151A distance=Distance{length=2988, quality=100}, 57B0 distance=Distance{length=4543, quality=100}, D286 distance=Distance{length=4665, quality=100}
1131.699: 0x…D31C location data: position: x=4080 y=2643 z=219 q=44; distances: 47B2 distance=Distance{length=2478, quality=100}, 151A distance=Distance{length=2904, quality=100}, 57B0 distance=Distance{length=4844, quality=100}, D286 distance=Distance{length=4703, quality=100}
1131.818: 0x…D31C location data: position: x=4079 y=2541 z=187 q=50; distances: 47B2 distance=Distance{length=2703, quality=100}, 151A distance=Distance{length=2833, quality=100}, 57B0 distance=Distance{length=4783, quality=100}, D286 distance=Distance{length=4637, quality=100}
1131.917: 0x…D31C location data: position: x=4083 y=2448 z=186 q=53; distances: 47B2 distance=Distance{length=2698, quality=100}, 151A distance=Distance{length=2726, quality=100}, 57B0 distance=Distance{length=4801, quality=100}, D286 distance=Distance{length=4661, quality=100}
1131.999: 0x…D31C location data: position: x=4014 y=2368 z=252 q=68; distances: 47B2 distance=Distance{length=2735, quality=100}, 151A distance=Distance{length=2703, quality=100}, 57B0 distance=Distance{length=4909, quality=100}, D286 distance=Distance{length=4487, quality=100}
1132.117: 0x…D31C location data: position: x=4062 y=2180 z=82 q=26; distances: 47B2 distance=Distance{length=3424, quality=100}, 151A distance=Distance{length=2670, quality=100}, 57B0 distance=Distance{length=4905, quality=100}, D286 distance=Distance{length=4900, quality=100}
1132.219: 0x…D31C location data: position: x=3987 y=2043 z=55 q=48; distances: 47B2 distance=Distance{length=3349, quality=100}, 151A distance=Distance{length=2604, quality=100}, 57B0 distance=Distance{length=4998, quality=100}, D286 distance=Distance{length=4375, quality=100}
1132.301: 0x…D31C location data: position: x=3926 y=2002 z=136 q=64; distances: 151A distance=Distance{length=2571, quality=100}, 47B2 distance=Distance{length=2993, quality=100}, D286 distance=Distance{length=4337, quality=100}, 57B0 distance=Distance{length=4960, quality=100}
1132.418: 0x…D31C location data: position: x=3890 y=1964 z=201 q=63; distances: 151A distance=Distance{length=2524, quality=100}, 47B2 distance=Distance{length=2993, quality=100}, D286 distance=Distance{length=4351, quality=100}, 57B0 distance=Distance{length=4965, quality=100}
1132.518: 0x…D31C location data: position: x=3867 y=1924 z=228 q=60; distances: 151A distance=Distance{length=2524, quality=100}, 47B2 distance=Distance{length=3054, quality=100}, D286 distance=Distance{length=4370, quality=100}, 57B0 distance=Distance{length=4905, quality=100}
1132.601: 0x…D31C location data: position: x=3844 y=1861 z=254 q=59; distances: 151A distance=Distance{length=2431, quality=100}, 47B2 distance=Distance{length=3166, quality=100}, D286 distance=Distance{length=4290, quality=100}, 57B0 distance=Distance{length=4923, quality=100}
1132.717: 0x…D31C location data: position: x=3886 y=1794 z=227 q=46; distances: 151A distance=Distance{length=2351, quality=100}, 47B2 distance=Distance{length=3213, quality=100}, D286 distance=Distance{length=4534, quality=100}, 57B0 distance=Distance{length=5012, quality=100}
1132.818: 0x…D31C location data: position: x=3902 y=1722 z=201 q=46; distances: 151A distance=Distance{length=2318, quality=100}, 47B2 distance=Distance{length=3302, quality=100}, D286 distance=Distance{length=4492, quality=100}, 57B0 distance=Distance{length=4970, quality=100}
1132.900: 0x…D31C location data: position: x=3936 y=1671 z=180 q=44; distances: 151A distance=Distance{length=2304, quality=100}, 47B2 distance=Distance{length=3278, quality=100}, D286 distance=Distance{length=4539, quality=100}, 57B0 distance=Distance{length=5082, quality=100}
1133.018: 0x…D31C location data: position: x=3958 y=1511 z=83 q=27; distances: 151A distance=Distance{length=2266, quality=100}, 47B2 distance=Distance{length=3841, quality=100}, D286 distance=Distance{length=4492, quality=100}, 57B0 distance=Distance{length=5082, quality=100}
1133.117: 0x…D31C location data: position: x=3970 y=1396 z=11 q=28; distances: 151A distance=Distance{length=2285, quality=100}, 47B2 distance=Distance{length=3827, quality=100}, D286 distance=Distance{length=4478, quality=100}, 57B0 distance=Distance{length=5082, quality=100}
1133.200: 0x…D31C location data: position: x=3808 y=1208 z=96 q=52; distances: 151A distance=Distance{length=2210, quality=100}, 47B2 distance=Distance{length=4225, quality=100}, D286 distance=Distance{length=4464, quality=100}, 57B0 distance=Distance{length=5073, quality=100}
1133.302: 0x…D31C location data: position: x=3862 y=1190 z=82 q=35; distances: 151A distance=Distance{length=2140, quality=100}, 47B2 distance=Distance{length=3644, quality=100}, D286 distance=Distance{length=4431, quality=100}, 57B0 distance=Distance{length=5115, quality=100}
1133.417: 0x…D31C location data: position: x=3882 y=1148 z=106 q=38; distances: 151A distance=Distance{length=2032, quality=100}, 47B2 distance=Distance{length=3719, quality=100}, D286 distance=Distance{length=4281, quality=100}, 57B0 distance=Distance{length=5129, quality=100}
1133.500: 0x…D31C location data: position: x=3897 y=1108 z=128 q=38; distances: 151A distance=Distance{length=2004, quality=100}, 47B2 distance=Distance{length=3743, quality=100}, D286 distance=Distance{length=4267, quality=100}, 57B0 distance=Distance{length=5157, quality=100}
1133.601: 0x…D31C location data: position: x=3929 y=1064 z=135 q=34; distances: 151A distance=Distance{length=1958, quality=100}, 47B2 distance=Distance{length=3780, quality=100}, D286 distance=Distance{length=4346, quality=100}, 57B0 distance=Distance{length=5265, quality=100}
1133.719: 0x…D31C location data: position: x=3928 y=1053 z=160 q=40; distances: 151A distance=Distance{length=2004, quality=100}, 47B2 distance=Distance{length=3705, quality=100}, D286 distance=Distance{length=4248, quality=100}, 57B0 distance=Distance{length=5401, quality=100}
1133.800: 0x…D31C location data: position: x=3929 y=1016 z=174 q=37; distances: 151A distance=Distance{length=1967, quality=100}, 47B2 distance=Distance{length=3818, quality=100}, D286 distance=Distance{length=4215, quality=100}, 57B0 distance=Distance{length=5372, quality=100}
1133.918: 0x…D31C location data: position: x=3914 y=984 z=177 q=37; distances: 151A distance=Distance{length=2027, quality=100}, 47B2 distance=Distance{length=3869, quality=100}, D286 distance=Distance{length=4150, quality=100}, 57B0 distance=Distance{length=5401, quality=100}
1134.018: 0x…D31C location data: position: x=3892 y=892 z=267 q=52; distances: 151A distance=Distance{length=1709, quality=100}, 47B2 distance=Distance{length=4014, quality=100}, D286 distance=Distance{length=3995, quality=100}, 57B0 distance=Distance{length=5391, quality=100}
1134.103: 0x…D31C location data: position: x=3899 y=790 z=303 q=46; distances: 151A distance=Distance{length=1676, quality=100}, 47B2 distance=Distance{length=4136, quality=100}, D286 distance=Distance{length=4099, quality=100}, 57B0 distance=Distance{length=5401, quality=100}
1134.218: 0x…D31C location data: position: x=3876 y=729 z=339 q=50; distances: 151A distance=Distance{length=1756, quality=100}, 47B2 distance=Distance{length=4108, quality=100}, D286 distance=Distance{length=3986, quality=100}, 57B0 distance=Distance{length=5344, quality=100}
1134.318: 0x…D31C location data: position: x=3840 y=699 z=314 q=40; distances: 151A distance=Distance{length=1962, quality=100}, 47B2 distance=Distance{length=4136, quality=100}, D286 distance=Distance{length=3977, quality=100}, 57B0 distance=Distance{length=5410, quality=100}
1134.401: 0x…D31C location data: position: x=3821 y=659 z=292 q=40; distances: 151A distance=Distance{length=1911, quality=100}, 47B2 distance=Distance{length=4183, quality=100}, D286 distance=Distance{length=4028, quality=100}, 57B0 distance=Distance{length=5429, quality=100}
1134.518: 0x…D31C location data: position: x=3795 y=609 z=280 q=44; distances: 151A distance=Distance{length=1915, quality=100}, 47B2 distance=Distance{length=4267, quality=100}, D286 distance=Distance{length=3958, quality=100}, 57B0 distance=Distance{length=5485, quality=100}
1134.618: 0x…D31C location data: position: x=3778 y=574 z=262 q=41; distances: 151A distance=Distance{length=1929, quality=100}, D286 distance=Distance{length=3991, quality=100}, 47B2 distance=Distance{length=4262, quality=100}, 57B0 distance=Distance{length=5476, quality=100}
1134.701: 0x…D31C location data: position: x=3767 y=529 z=271 q=47; distances: 151A distance=Distance{length=1845, quality=100}, D286 distance=Distance{length=3962, quality=100}, 47B2 distance=Distance{length=4300, quality=100}, 57B0 distance=Distance{length=5508, quality=100}
1134.804: 0x…D31C location data: position: x=3772 y=482 z=248 q=40; distances: 151A distance=Distance{length=1868, quality=100}, D286 distance=Distance{length=4056, quality=100}, 47B2 distance=Distance{length=4365, quality=100}, 57B0 distance=Distance{length=5569, quality=100}
1134.918: 0x…D31C location data: position: x=3770 y=418 z=246 q=46; distances: 151A distance=Distance{length=1845, quality=100}, D286 distance=Distance{length=3981, quality=100}, 47B2 distance=Distance{length=4464, quality=100}, 57B0 distance=Distance{length=5677, quality=100}
1135.002: 0x…D31C location data: position: x=3781 y=352 z=293 q=52; distances: 151A distance=Distance{length=1676, quality=100}, D286 distance=Distance{length=3962, quality=100}, 47B2 distance=Distance{length=4468, quality=100}, 57B0 distance=Distance{length=5490, quality=100}
1135.121: 0x…D31C location data: position: x=3798 y=325 z=326 q=51; distances: 151A distance=Distance{length=1667, quality=100}, D286 distance=Distance{length=4005, quality=100}, 47B2 distance=Distance{length=4379, quality=100}, 57B0 distance=Distance{length=5612, quality=100}
1135.219: 0x…D31C location data: position: x=3799 y=257 z=283 q=41; distances: 151A distance=Distance{length=1878, quality=100}, D286 distance=Distance{length=4023, quality=100}, 47B2 distance=Distance{length=4642, quality=100}, 57B0 distance=Distance{length=5870, quality=100}
1135.303: 0x…D31C location data: position: x=3827 y=217 z=282 q=45; distances: 151A distance=Distance{length=1714, quality=100}, D286 distance=Distance{length=4084, quality=100}, 47B2 distance=Distance{length=4539, quality=100}, 57B0 distance=Distance{length=5884, quality=100}
1135.419: 0x…D31C location data: position: x=3857 y=181 z=379 q=53; distances: 151A distance=Distance{length=1423, quality=100}, D286 distance=Distance{length=4033, quality=100}, 47B2 distance=Distance{length=4459, quality=100}, 57B0 distance=Distance{length=5968, quality=100}
1135.519: 0x…D31C location data: position: x=3896 y=109 z=430 q=56; distances: 151A distance=Distance{length=1423, quality=100}, D286 distance=Distance{length=4117, quality=100}, 47B2 distance=Distance{length=4628, quality=100}, 57B0 distance=Distance{length=6240, quality=100}
1135.604: 0x…D31C location data: position: x=3954 y=52 z=465 q=54; distances: 151A distance=Distance{length=1348, quality=100}, D286 distance=Distance{length=4234, quality=100}, 47B2 distance=Distance{length=4619, quality=100}, 57B0 distance=Distance{length=6244, quality=100}
1135.702: 0x…D31C location data: position: x=4004 y=0 z=497 q=54; distances: 151A distance=Distance{length=1320, quality=100}, D286 distance=Distance{length=4253, quality=100}, 47B2 distance=Distance{length=4647, quality=100}, 57B0 distance=Distance{length=6263, quality=100}
1135.820: 0x…D31C location data: position: x=3951 y=-241 z=662 q=76; distances: 151A distance=Distance{length=1259, quality=100}, D286 distance=Distance{length=4047, quality=100}, 47B2 distance=Distance{length=5035, quality=100}, 57B0 distance=Distance{length=6099, quality=100}
1135.902: 0x…D31C location data: position: x=3982 y=-255 z=648 q=56; distances: 151A distance=Distance{length=1391, quality=100}, D286 distance=Distance{length=4183, quality=100}, 47B2 distance=Distance{length=4792, quality=100}, 57B0 distance=Distance{length=6080, quality=100}
1136.004: 0x…D31C location data: position: x=4043 y=-300 z=699 q=61; distances: 151A distance=Distance{length=1171, quality=100}, D286 distance=Distance{length=4295, quality=100}, 47B2 distance=Distance{length=4858, quality=100}, 57B0 distance=Distance{length=6230, quality=100}
1136.120: 0x…D31C location data: position: x=4044 y=-381 z=797 q=66; distances: 151A distance=Distance{length=1190, quality=100}, D286 distance=Distance{length=4220, quality=100}, 47B2 distance=Distance{length=4952, quality=100}, 57B0 distance=Distance{length=6286, quality=100}
1136.204: 0x…D31C location data: position: x=4078 y=-414 z=884 q=63; distances: 151A distance=Distance{length=1012, quality=100}, D286 distance=Distance{length=4127, quality=100}, 47B2 distance=Distance{length=4952, quality=100}, 57B0 distance=Distance{length=6286, quality=100}
1136.302: 0x…D31C location data: position: x=4234 y=-474 z=869 q=75; distances: 151A distance=Distance{length=1021, quality=100}, D286 distance=Distance{length=4797, quality=100}, 47B2 distance=Distance{length=5017, quality=100}, 57B0 distance=Distance{length=6390, quality=100}
1136.419: 0x…D31C location data: position: x=4238 y=-634 z=971 q=79; distances: 151A distance=Distance{length=918, quality=100}, D286 distance=Distance{length=4403, quality=100}, 47B2 distance=Distance{length=4984, quality=100}, 57B0 distance=Distance{length=6385, quality=100}
1136.504: 0x…D31C location data: position: x=4271 y=-535 z=985 q=60; distances: 151A distance=Distance{length=901, quality=100}, D286 distance=Distance{length=4403, quality=100}, 47B2 distance=Distance{length=5124, quality=100}, 57B0 distance=Distance{length=6319, quality=100}
1136.602: 0x…D31C location data: position: x=4296 y=-545 z=1034 q=70; distances: 151A distance=Distance{length=882, quality=100}, D286 distance=Distance{length=4318, quality=100}, 47B2 distance=Distance{length=5049, quality=100}, 57B0 distance=Distance{length=6455, quality=100}
1136.720: 0x…D31C location data: position: x=4317 y=-509 z=1053 q=62; distances: 151A distance=Distance{length=909, quality=100}, D286 distance=Distance{length=4417, quality=100}, 47B2 distance=Distance{length=5092, quality=100}, 57B0 distance=Distance{length=6437, quality=100}
1136.820: 0x…D31C location data: position: x=4352 y=-541 z=1153 q=76; distances: 151A distance=Distance{length=807, quality=100}, D286 distance=Distance{length=4403, quality=100}, 47B2 distance=Distance{length=5795, quality=100}, 57B0 distance=Distance{length=6553, quality=100}
1136.902: 0x…D31C location data: position: x=4364 y=-579 z=1181 q=77; distances: 151A distance=Distance{length=911, quality=100}, D286 distance=Distance{length=4361, quality=100}, 47B2 distance=Distance{length=5204, quality=100}, 57B0 distance=Distance{length=6558, quality=100}
1137.020: 0x…D31C location data: position: x=4429 y=-543 z=1111 q=62; distances: 151A distance=Distance{length=878, quality=100}, D286 distance=Distance{length=4684, quality=100}, 47B2 distance=Distance{length=5865, quality=100}, 57B0 distance=Distance{length=6647, quality=100}
1137.121: 0x…D31C location data: position: x=4543 y=-423 z=963 q=28; distances: 151A distance=Distance{length=1007, quality=100}, D286 distance=Distance{length=4984, quality=100}, 47B2 distance=Distance{length=5884, quality=100}, 57B0 distance=Distance{length=6624, quality=100}
1137.204: 0x…D31C location data: position: x=4644 y=-334 z=837 q=29; distances: 151A distance=Distance{length=1054, quality=100}, D286 distance=Distance{length=5054, quality=100}, 47B2 distance=Distance{length=5780, quality=100}, 57B0 distance=Distance{length=6680, quality=100}
1137.321: 0x…D31C location data: position: x=4584 y=-439 z=866 q=77; distances: 151A distance=Distance{length=1162, quality=100}, D286 distance=Distance{length=4501, quality=100}, 47B2 distance=Distance{length=5447, quality=100}, 57B0 distance=Distance{length=6727, quality=100}
1137.420: 0x…D31C location data: position: x=4531 y=-622 z=914 q=80; distances: 151A distance=Distance{length=1246, quality=100}, D286 distance=Distance{length=4346, quality=100}, 47B2 distance=Distance{length=6207, quality=100}, 57B0 distance=Distance{length=6815, quality=100}
1137.505: 0x…D31C location data: position: x=4454 y=-672 z=916 q=76; distances: 151A distance=Distance{length=1334, quality=100}, D286 distance=Distance{length=4342, quality=100}, 47B2 distance=Distance{length=5696, quality=100}, 57B0 distance=Distance{length=6666, quality=100}
1137.621: 0x…D31C location data: position: x=4407 y=-735 z=896 q=78; distances: 151A distance=Distance{length=1409, quality=100}, D286 distance=Distance{length=4417, quality=100}, 47B2 distance=Distance{length=5673, quality=100}, 57B0 distance=Distance{length=6778, quality=100}
1137.704: 0x…D31C location data: position: x=4326 y=-829 z=893 q=79; distances: 151A distance=Distance{length=1625, quality=100}, D286 distance=Distance{length=4276, quality=100}, 47B2 distance=Distance{length=5776, quality=100}, 57B0 distance=Distance{length=6806, quality=100}
1137.804: 0x…D31C location data: position: x=4269 y=-1004 z=1030 q=82; distances: 151A distance=Distance{length=1629, quality=100}, D286 distance=Distance{length=4174, quality=100}, 47B2 distance=Distance{length=5715, quality=100}, 57B0 distance=Distance{length=7106, quality=100}
1137.920: 0x…D31C location data: position: x=4182 y=-1067 z=923 q=80; distances: 151A distance=Distance{length=1948, quality=100}, D286 distance=Distance{length=4206, quality=100}, 47B2 distance=Distance{length=5752, quality=100}, 57B0 distance=Distance{length=6871, quality=100}
1138.004: 0x…D31C location data: position: x=4081 y=-1086 z=744 q=77; distances: 151A distance=Distance{length=2173, quality=100}, D286 distance=Distance{length=4155, quality=100}, 47B2 distance=Distance{length=5748, quality=100}, 57B0 distance=Distance{length=6928, quality=100}
1138.105: 0x…D31C location data: position: x=3995 y=-1133 z=701 q=79; distances: 151A distance=Distance{length=2084, quality=100}, D286 distance=Distance{length=4056, quality=100}, 47B2 distance=Distance{length=5813, quality=100}, 57B0 distance=Distance{length=7026, quality=100}
1138.220: 0x…D31C location data: position: x=3911 y=-1161 z=649 q=79; distances: 151A distance=Distance{length=2154, quality=100}, D286 distance=Distance{length=3995, quality=100}, 47B2 distance=Distance{length=5818, quality=100}, 57B0 distance=Distance{length=6811, quality=100}
1138.305: 0x…D31C location data: position: x=3833 y=-1215 z=722 q=80; distances: 151A distance=Distance{length=2112, quality=100}, D286 distance=Distance{length=3892, quality=100}, 47B2 distance=Distance{length=5898, quality=100}, 57B0 distance=Distance{length=6811, quality=100}
1138.406: 0x…D31C location data: position: x=3729 y=-1261 z=778 q=80; distances: 151A distance=Distance{length=2257, quality=100}, D286 distance=Distance{length=3733, quality=100}, 47B2 distance=Distance{length=5968, quality=100}, 57B0 distance=Distance{length=6843, quality=100}
1138.521: 0x…D31C location data: position: x=3646 y=-1255 z=707 q=78; distances: 151A distance=Distance{length=2332, quality=100}, D286 distance=Distance{length=3752, quality=100}, 47B2 distance=Distance{length=6483, quality=100}, 57B0 distance=Distance{length=6572, quality=100}
1138.623: 0x…D31C location data: position: x=3561 y=-1268 z=715 q=79; distances: 151A distance=Distance{length=2346, quality=100}, D286 distance=Distance{length=3635, quality=100}, 47B2 distance=Distance{length=7003, quality=100}, 57B0 distance=Distance{length=6553, quality=100}
1138.705: 0x…D31C location data: position: x=3475 y=-1250 z=667 q=77; distances: 151A distance=Distance{length=2435, quality=100}, D286 distance=Distance{length=3569, quality=100}, 47B2 distance=Distance{length=5893, quality=100}, 57B0 distance=Distance{length=7087, quality=100}
1138.822: 0x…D31C location data: position: x=3389 y=-1228 z=600 q=76; distances: 151A distance=Distance{length=2534, quality=100}, D286 distance=Distance{length=3518, quality=100}, 47B2 distance=Distance{length=5907, quality=100}, 57B0 distance=Distance{length=6473, quality=100}
1138.905: 0x…D31C location data: position: x=3319 y=-1283 z=626 q=80; distances: 151A distance=Distance{length=2590, quality=100}, D286 distance=Distance{length=3518, quality=100}, 47B2 distance=Distance{length=6136, quality=100}, 57B0 distance=Distance{length=6586, quality=100}
1139.004: 0x…D31C location data: position: x=3242 y=-1339 z=735 q=80; distances: 151A distance=Distance{length=2614, quality=100}, D286 distance=Distance{length=3396, quality=100}, 47B2 distance=Distance{length=6188, quality=100}, 57B0 distance=Distance{length=7172, quality=100}
1139.121: 0x…D31C location data: position: x=3174 y=-1330 z=699 q=78; distances: 151A distance=Distance{length=2656, quality=100}, D286 distance=Distance{length=3367, quality=100}, 47B2 distance=Distance{length=6062, quality=100}, 57B0 distance=Distance{length=6928, quality=100}
1139.206: 0x…D31C location data: position: x=3109 y=-1250 z=575 q=73; distances: 151A distance=Distance{length=2749, quality=100}, D286 distance=Distance{length=3330, quality=100}, 47B2 distance=Distance{length=5893, quality=100}, 57B0 distance=Distance{length=6235, quality=100}
1139.305: 0x…D31C location data: position: x=3095 y=-1414 z=668 q=84; distances: 151A distance=Distance{length=2777, quality=100}, D286 distance=Distance{length=3241, quality=100}, 47B2 distance=Distance{length=6160, quality=100}, 57B0 distance=Distance{length=6539, quality=100}
1139.421: 0x…D31C location data: position: x=3056 y=-1481 z=728 q=82; distances: 151A distance=Distance{length=2833, quality=100}, D286 distance=Distance{length=3138, quality=100}, 47B2 distance=Distance{length=6085, quality=100}, 57B0 distance=Distance{length=6390, quality=100}
1139.505: 0x…D31C location data: position: x=2953 y=-1407 z=661 q=76; distances: 151A distance=Distance{length=2918, quality=100}, D286 distance=Distance{length=3077, quality=100}, 47B2 distance=Distance{length=6099, quality=100}, 57B0 distance=Distance{length=6520, quality=100}
1139.606: 0x…D31C location data: position: x=2840 y=-1431 z=754 q=81; distances: 151A distance=Distance{length=3040, quality=100}, D286 distance=Distance{length=2955, quality=100}, 47B2 distance=Distance{length=6067, quality=100}, 57B0 distance=Distance{length=6338, quality=100}
1139.722: 0x…D31C location data: position: x=2736 y=-1368 z=688 q=76; distances: 151A distance=Distance{length=3091, quality=100}, D286 distance=Distance{length=2880, quality=100}, 47B2 distance=Distance{length=6282, quality=100}, 57B0 distance=Distance{length=6076, quality=100}
1139.804: 0x…D31C location data: position: x=2650 y=-1290 z=631 q=74; distances: 151A distance=Distance{length=3087, quality=100}, D286 distance=Distance{length=2815, quality=100}, 47B2 distance=Distance{length=6164, quality=100}, 57B0 distance=Distance{length=5959, quality=100}
1139.905: 0x…D31C location data: position: x=2529 y=-1262 z=548 q=76; distances: 151A distance=Distance{length=3382, quality=100}, D286 distance=Distance{length=2740, quality=100}, 47B2 distance=Distance{length=6071, quality=100}, 57B0 distance=Distance{length=6010, quality=100}
1140.005: 0x…D31C location data: position: x=2452 y=-1265 z=620 q=78; distances: D286 distance=Distance{length=2646, quality=100}, 151A distance=Distance{length=3217, quality=100}, 57B0 distance=Distance{length=6038, quality=100}, 47B2 distance=Distance{length=6122, quality=100}
1140.106: 0x…D31C location data: position: x=2383 y=-1260 z=641 q=77; distances: D286 distance=Distance{length=2632, quality=100}, 151A distance=Distance{length=3274, quality=100}, 57B0 distance=Distance{length=6010, quality=100}, 47B2 distance=Distance{length=6094, quality=100}
1140.206: 0x…D31C location data: position: x=2390 y=-1310 z=759 q=80; distances: D286 distance=Distance{length=2543, quality=100}, 151A distance=Distance{length=3255, quality=100}, 57B0 distance=Distance{length=5954, quality=100}, 47B2 distance=Distance{length=6067, quality=100}
1140.307: 0x…D31C location data: position: x=2296 y=-1259 z=746 q=75; distances: D286 distance=Distance{length=2431, quality=100}, 151A distance=Distance{length=3372, quality=100}, 57B0 distance=Distance{length=5823, quality=100}, 47B2 distance=Distance{length=5977, quality=100}
1140.407: 0x…D31C location data: position: x=2307 y=-1298 z=808 q=79; distances: D286 distance=Distance{length=2384, quality=100}, 151A distance=Distance{length=3339, quality=100}, 57B0 distance=Distance{length=5799, quality=100}, 47B2 distance=Distance{length=5968, quality=100}
1140.505: 0x…D31C location data: position: x=2210 y=-1228 z=762 q=73; distances: D286 distance=Distance{length=2341, quality=100}, 151A distance=Distance{length=3452, quality=100}, 57B0 distance=Distance{length=5720, quality=100}, 47B2 distance=Distance{length=5982, quality=100}
1140.606: 0x…D31C location data: position: x=2140 y=-1156 z=784 q=71; distances: D286 distance=Distance{length=2243, quality=100}, 151A distance=Distance{length=3367, quality=100}, 57B0 distance=Distance{length=5621, quality=100}, 47B2 distance=Distance{length=5748, quality=100}
1140.707: 0x…D31C location data: position: x=2025 y=-1086 z=692 q=70; distances: D286 distance=Distance{length=2182, quality=100}, 151A distance=Distance{length=3696, quality=100}, 57B0 distance=Distance{length=5551, quality=100}, 47B2 distance=Distance{length=5870, quality=100}
1140.806: 0x…D31C location data: position: x=1970 y=-1007 z=667 q=67; distances: D286 distance=Distance{length=2163, quality=100}, 151A distance=Distance{length=3499, quality=100}, 57B0 distance=Distance{length=5457, quality=100}, 47B2 distance=Distance{length=5701, quality=100}
1140.922: 0x…D31C location data: position: x=2015 y=-1002 z=732 q=72; distances: D286 distance=Distance{length=2032, quality=100}, 151A distance=Distance{length=3560, quality=100}, 57B0 distance=Distance{length=5335, quality=100}, 47B2 distance=Distance{length=5682, quality=100}
1141.006: 0x…D31C location data: position: x=1919 y=-731 z=632 q=51; distances: D286 distance=Distance{length=2008, quality=100}, 151A distance=Distance{length=3658, quality=100}, 57B0 distance=Distance{length=5335, quality=100}, 47B2 distance=Distance{length=5584, quality=100}
1141.106: 0x…D31C location data: position: x=1862 y=-683 z=624 q=60; distances: D286 distance=Distance{length=1990, quality=100}, 151A distance=Distance{length=3564, quality=100}, 57B0 distance=Distance{length=5204, quality=100}, 47B2 distance=Distance{length=5551, quality=100}
1141.207: 0x…D31C location data: position: x=1824 y=-473 z=589 q=49; distances: D286 distance=Distance{length=1994, quality=100}, 151A distance=Distance{length=3541, quality=100}, 57B0 distance=Distance{length=5242, quality=100}, 47B2 distance=Distance{length=5447, quality=100}
1141.306: 0x…D31C location data: position: x=1785 y=-454 z=568 q=57; distances: D286 distance=Distance{length=1981, quality=100}, 151A distance=Distance{length=3597, quality=100}, 57B0 distance=Distance{length=5082, quality=100}, 47B2 distance=Distance{length=5494, quality=100}
1141.406: 0x…D31C location data: position: x=1891 y=-535 z=652 q=68; distances: D286 distance=Distance{length=1915, quality=100}, 151A distance=Distance{length=3616, quality=100}, 57B0 distance=Distance{length=5068, quality=100}, 47B2 distance=Distance{length=5372, quality=100}
1141.508: 0x…D31C location data: position: x=1966 y=-552 z=836 q=63; distances: D286 distance=Distance{length=1878, quality=100}, 151A distance=Distance{length=3658, quality=100}, 57B0 distance=Distance{length=4974, quality=100}, 47B2 distance=Distance{length=5303, quality=100}
1141.606: 0x…D31C location data: position: x=2020 y=-544 z=890 q=61; distances: D286 distance=Distance{length=1887, quality=100}, 151A distance=Distance{length=3560, quality=100}, 57B0 distance=Distance{length=4909, quality=100}, 47B2 distance=Distance{length=5251, quality=100}
1141.713: 0x…D31C location data: position: x=1928 y=-458 z=817 q=54; distances: D286 distance=Distance{length=1892, quality=100}, 151A distance=Distance{length=3569, quality=100}, 57B0 distance=Distance{length=4876, quality=100}, 47B2 distance=Distance{length=5260, quality=100}
1141.823: 0x…D31C location data: position: x=1992 y=-449 z=870 q=58; distances: D286 distance=Distance{length=1873, quality=100}, 151A distance=Distance{length=3597, quality=100}, 57B0 distance=Distance{length=4825, quality=100}, 47B2 distance=Distance{length=5171, quality=100}
1141.906: 0x…D31C location data: position: x=2036 y=-425 z=911 q=56; distances: D286 distance=Distance{length=1845, quality=100}, 151A distance=Distance{length=3593, quality=100}, 57B0 distance=Distance{length=4755, quality=100}, 47B2 distance=Distance{length=5120, quality=100}
1142.006: 0x…D31C location data: position: x=1928 y=-304 z=845 q=51; distances: D286 distance=Distance{length=1817, quality=100}, 151A distance=Distance{length=3597, quality=100}, 57B0 distance=Distance{length=4614, quality=100}, 47B2 distance=Distance{length=5092, quality=100}
1142.106: 0x…D31C location data: position: x=1981 y=-255 z=935 q=50; distances: D286 distance=Distance{length=1864, quality=100}, 151A distance=Distance{length=3564, quality=100}, 57B0 distance=Distance{length=4609, quality=100}, 47B2 distance=Distance{length=5017, quality=100}
1142.208: 0x…D31C location data: position: x=2039 y=-235 z=908 q=52; distances: D286 distance=Distance{length=1821, quality=100}, 151A distance=Distance{length=3677, quality=100}, 57B0 distance=Distance{length=4539, quality=100}, 47B2 distance=Distance{length=4867, quality=100}
1142.306: 0x…D31C location data: position: x=2081 y=-164 z=1004 q=54; distances: D286 distance=Distance{length=1817, quality=100}, 151A distance=Distance{length=3696, quality=100}, 57B0 distance=Distance{length=4393, quality=100}, 47B2 distance=Distance{length=4745, quality=100}
1142.407: 0x…D31C location data: position: x=2106 y=-98 z=1002 q=54; distances: D286 distance=Distance{length=1840, quality=100}, 151A distance=Distance{length=3696, quality=100}, 57B0 distance=Distance{length=4361, quality=100}, 47B2 distance=Distance{length=4740, quality=100}
1142.506: 0x…D31C location data: position: x=1961 y=216 z=1099 q=69; distances: D286 distance=Distance{length=1821, quality=100}, 151A distance=Distance{length=3658, quality=100}, 57B0 distance=Distance{length=4361, quality=100}, 47B2 distance=Distance{length=4656, quality=100}
1142.608: 0x…D31C location data: position: x=2011 y=191 z=1077 q=54; distances: D286 distance=Distance{length=1817, quality=100}, 151A distance=Distance{length=3776, quality=100}, 57B0 distance=Distance{length=4332, quality=100}, 47B2 distance=Distance{length=4736, quality=100}
1142.707: 0x…D31C location data: position: x=1856 y=480 z=1093 q=69; distances: D286 distance=Distance{length=1770, quality=100}, 151A distance=Distance{length=3761, quality=100}, 57B0 distance=Distance{length=4253, quality=100}, 47B2 distance=Distance{length=4553, quality=100}
1142.807: 0x…D31C location data: position: x=1949 y=428 z=1046 q=52; distances: D286 distance=Distance{length=1821, quality=100}, 151A distance=Distance{length=3906, quality=100}, 57B0 distance=Distance{length=4141, quality=100}, 47B2 distance=Distance{length=4483, quality=100}
1142.908: 0x…D31C location data: position: x=1997 y=408 z=1042 q=54; distances: D286 distance=Distance{length=1718, quality=100}, 151A distance=Distance{length=3897, quality=100}, 57B0 distance=Distance{length=4019, quality=100}, 47B2 distance=Distance{length=4459, quality=100}
1143.007: 0x…D31C location data: position: x=2031 y=416 z=979 q=54; distances: D286 distance=Distance{length=1793, quality=100}, 151A distance=Distance{length=3902, quality=100}, 57B0 distance=Distance{length=3967, quality=100}, 47B2 distance=Distance{length=4417, quality=100}
1143.107: 0x…D31C location data: position: x=2054 y=454 z=1084 q=64; distances: D286 distance=Distance{length=1798, quality=100}, 151A distance=Distance{length=3972, quality=100}, 57B0 distance=Distance{length=3892, quality=100}, 47B2 distance=Distance{length=4375, quality=100}
1143.208: 0x…D31C location data: position: x=2053 y=519 z=1119 q=67; distances: D286 distance=Distance{length=1789, quality=100}, 151A distance=Distance{length=3986, quality=100}, 57B0 distance=Distance{length=3738, quality=100}, 47B2 distance=Distance{length=4314, quality=100}
1143.307: 0x…D31C location data: position: x=2061 y=597 z=1036 q=65; distances: D286 distance=Distance{length=1958, quality=100}, 151A distance=Distance{length=4061, quality=100}, 57B0 distance=Distance{length=3710, quality=100}, 47B2 distance=Distance{length=4248, quality=100}
1143.408: 0x…D31C location data: position: x=2047 y=693 z=968 q=67; distances: D286 distance=Distance{length=1948, quality=100}, 151A distance=Distance{length=4084, quality=100}, 57B0 distance=Distance{length=3546, quality=100}, 47B2 distance=Distance{length=4197, quality=100}
1143.508: 0x…D31C location data: position: x=2043 y=781 z=925 q=70; distances: D286 distance=Distance{length=1990, quality=100}, 151A distance=Distance{length=4127, quality=100}, 57B0 distance=Distance{length=3499, quality=100}, 47B2 distance=Distance{length=4127, quality=100}
1143.608: 0x…D31C location data: position: x=2070 y=831 z=959 q=75; distances: D286 distance=Distance{length=2004, quality=100}, 151A distance=Distance{length=4164, quality=100}, 57B0 distance=Distance{length=3579, quality=100}, 47B2 distance=Distance{length=4061, quality=100}
1143.707: 0x…D31C location data: position: x=2092 y=928 z=1011 q=82; distances: D286 distance=Distance{length=2201, quality=100}, 151A distance=Distance{length=4248, quality=100}, 57B0 distance=Distance{length=3475, quality=100}, 47B2 distance=Distance{length=3972, quality=100}
1143.808: 0x…D31C location data: position: x=2088 y=1036 z=1012 q=82; distances: D286 distance=Distance{length=2229, quality=100}, 151A distance=Distance{length=4248, quality=100}, 57B0 distance=Distance{length=3330, quality=100}, 47B2 distance=Distance{length=3944, quality=100}
1143.907: 0x…D31C location data: position: x=2078 y=1147 z=968 q=81; distances: D286 distance=Distance{length=2313, quality=100}, 151A distance=Distance{length=4276, quality=100}, 57B0 distance=Distance{length=3250, quality=100}, 47B2 distance=Distance{length=3906, quality=100}
1144.008: 0x…D31C location data: position: x=2069 y=1297 z=925 q=85; distances: D286 distance=Distance{length=2576, quality=100}, 151A distance=Distance{length=4262, quality=100}, 57B0 distance=Distance{length=3142, quality=100}, 47B2 distance=Distance{length=3846, quality=100}
1144.109: 0x…D31C location data: position: x=2052 y=1379 z=904 q=83; distances: D286 distance=Distance{length=2360, quality=100}, 151A distance=Distance{length=4332, quality=100}, 57B0 distance=Distance{length=3105, quality=100}, 47B2 distance=Distance{length=3846, quality=100}
1144.207: 0x…D31C location data: position: x=2044 y=1462 z=873 q=83; distances: D286 distance=Distance{length=2445, quality=100}, 151A distance=Distance{length=4436, quality=100}, 57B0 distance=Distance{length=3058, quality=100}, 47B2 distance=Distance{length=3785, quality=100}
1144.308: 0x…D31C location data: position: x=2050 y=1547 z=888 q=88; distances: D286 distance=Distance{length=2501, quality=100}, 151A distance=Distance{length=4450, quality=100}, 57B0 distance=Distance{length=2993, quality=100}, 47B2 distance=Distance{length=3668, quality=100}
1144.408: 0x…D31C location data: position: x=2034 y=1617 z=872 q=85; distances: D286 distance=Distance{length=2482, quality=100}, 151A distance=Distance{length=4464, quality=100}, 57B0 distance=Distance{length=2941, quality=100}, 47B2 distance=Distance{length=3733, quality=100}
1144.508: 0x…D31C location data: position: x=2052 y=1691 z=939 q=93; distances: D286 distance=Distance{length=2567, quality=100}, 57B0 distance=Distance{length=2904, quality=100}, 151A distance=Distance{length=4515, quality=100}, 47B2 distance=Distance{length=3546, quality=100}
1144.609: 0x…D31C location data: position: x=2046 y=1767 z=906 q=88; distances: D286 distance=Distance{length=2628, quality=100}, 57B0 distance=Distance{length=2847, quality=100}, 151A distance=Distance{length=4483, quality=100}, 47B2 distance=Distance{length=3602, quality=100}
1144.709: 0x…D31C location data: position: x=2061 y=1836 z=871 q=88; distances: D286 distance=Distance{length=2726, quality=100}, 57B0 distance=Distance{length=2871, quality=100}, 151A distance=Distance{length=4590, quality=100}, 47B2 distance=Distance{length=3518, quality=100}
1144.809: 0x…D31C location data: position: x=2071 y=1919 z=903 q=93; distances: D286 distance=Distance{length=2758, quality=100}, 57B0 distance=Distance{length=2735, quality=100}, 151A distance=Distance{length=4689, quality=100}, 47B2 distance=Distance{length=3414, quality=100}
1144.908: 0x…D31C location data: position: x=2071 y=2014 z=910 q=91; distances: D286 distance=Distance{length=2847, quality=100}, 57B0 distance=Distance{length=2637, quality=100}, 151A distance=Distance{length=4736, quality=100}, 47B2 distance=Distance{length=3372, quality=100}
1145.009: 0x…D31C location data: position: x=2086 y=2101 z=872 q=87; distances: D286 distance=Distance{length=2866, quality=100}, 57B0 distance=Distance{length=2571, quality=100}, 151A distance=Distance{length=4675, quality=100}, 47B2 distance=Distance{length=3222, quality=100}
1145.108: 0x…D31C location data: position: x=2096 y=2195 z=931 q=92; distances: D286 distance=Distance{length=2988, quality=100}, 57B0 distance=Distance{length=2529, quality=100}, 151A distance=Distance{length=4773, quality=100}, 47B2 distance=Distance{length=3208, quality=100}
1145.225: 0x…D31C location data: position: x=2112 y=2284 z=870 q=83; distances: 57B0 distance=Distance{length=2496, quality=100}, D286 distance=Distance{length=3040, quality=100}, 47B2 distance=Distance{length=3114, quality=100}, 151A distance=Distance{length=4694, quality=100}
1145.310: 0x…D31C location data: position: x=2132 y=2378 z=900 q=88; distances: 57B0 distance=Distance{length=2482, quality=100}, D286 distance=Distance{length=3185, quality=100}, 47B2 distance=Distance{length=3077, quality=100}, 151A distance=Distance{length=4722, quality=100}
1145.409: 0x…D31C location data: position: x=2142 y=2577 z=903 q=77; distances: 57B0 distance=Distance{length=2417, quality=100}, D286 distance=Distance{length=3790, quality=100}, 47B2 distance=Distance{length=3091, quality=100}, 151A distance=Distance{length=4764, quality=100}
1145.526: 0x…D31C location data: position: x=2154 y=2621 z=861 q=82; distances: 57B0 distance=Distance{length=2388, quality=100}, D286 distance=Distance{length=3203, quality=100}, 47B2 distance=Distance{length=2979, quality=100}, 151A distance=Distance{length=4862, quality=100}
1145.610: 0x…D31C location data: position: x=2174 y=2697 z=848 q=81; distances: 57B0 distance=Distance{length=2313, quality=100}, 47B2 distance=Distance{length=2852, quality=100}, D286 distance=Distance{length=3344, quality=100}, 151A distance=Distance{length=4858, quality=100}
1145.709: 0x…D31C location data: position: x=2194 y=2763 z=844 q=81; distances: 57B0 distance=Distance{length=2304, quality=100}, 47B2 distance=Distance{length=2815, quality=100}, D286 distance=Distance{length=3382, quality=100}, 151A distance=Distance{length=4923, quality=100}
1145.825: 0x…D31C location data: position: x=2214 y=2850 z=844 q=79; distances: 57B0 distance=Distance{length=2248, quality=100}, 47B2 distance=Distance{length=2735, quality=100}, D286 distance=Distance{length=3508, quality=100}, 151A distance=Distance{length=4965, quality=100}
1145.910: 0x…D31C location data: position: x=2245 y=2928 z=810 q=76; distances: 57B0 distance=Distance{length=2318, quality=100}, 47B2 distance=Distance{length=2689, quality=100}, D286 distance=Distance{length=3611, quality=100}, 151A distance=Distance{length=4853, quality=100}
1146.008: 0x…D31C location data: position: x=2261 y=2995 z=861 q=80; distances: 57B0 distance=Distance{length=2304, quality=100}, 47B2 distance=Distance{length=2740, quality=100}, D286 distance=Distance{length=3672, quality=100}, 151A distance=Distance{length=4919, quality=100}
1146.127: 0x…D31C location data: position: x=2291 y=3081 z=875 q=76; distances: 57B0 distance=Distance{length=2332, quality=100}, 47B2 distance=Distance{length=2642, quality=100}, D286 distance=Distance{length=3841, quality=100}, 151A distance=Distance{length=4886, quality=100}
1146.210: 0x…D31C location data: position: x=2308 y=3138 z=870 q=75; distances: 57B0 distance=Distance{length=2238, quality=100}, 47B2 distance=Distance{length=2585, quality=100}, D286 distance=Distance{length=3715, quality=100}, 151A distance=Distance{length=4947, quality=100}
1146.309: 0x…D31C location data: position: x=2363 y=3185 z=834 q=75; distances: 57B0 distance=Distance{length=2417, quality=100}, 47B2 distance=Distance{length=2454, quality=100}, D286 distance=Distance{length=3850, quality=100}, 151A distance=Distance{length=4937, quality=100}
1146.425: 0x…D31C location data: position: x=2420 y=3308 z=991 q=74; distances: 57B0 distance=Distance{length=2365, quality=100}, 47B2 distance=Distance{length=2285, quality=100}, D286 distance=Distance{length=4197, quality=100}, 151A distance=Distance{length=4891, quality=100}
1146.526: 0x…D31C location data: position: x=2468 y=3633 z=991 q=58; distances: 57B0 distance=Distance{length=2379, quality=100}, 47B2 distance=Distance{length=2257, quality=100}, D286 distance=Distance{length=6122, quality=100}, 151A distance=Distance{length=4960, quality=100}
1146.609: 0x…D31C location data: position: x=2501 y=3603 z=962 q=72; distances: 57B0 distance=Distance{length=2388, quality=100}, 47B2 distance=Distance{length=2290, quality=100}, D286 distance=Distance{length=4019, quality=100}, 151A distance=Distance{length=4919, quality=100}
1146.726: 0x…D31C location data: position: x=2544 y=3572 z=984 q=75; distances: 57B0 distance=Distance{length=2431, quality=100}, 47B2 distance=Distance{length=2201, quality=100}, D286 distance=Distance{length=4009, quality=100}, 151A distance=Distance{length=4811, quality=100}
1146.809: 0x…D31C location data: position: x=2616 y=3518 z=1045 q=78; distances: 57B0 distance=Distance{length=2599, quality=100}, 47B2 distance=Distance{length=2069, quality=100}, D286 distance=Distance{length=4000, quality=100}, 151A distance=Distance{length=4825, quality=100}
1146.909: 0x…D31C location data: position: x=2683 y=3507 z=1008 q=69; distances: 47B2 distance=Distance{length=2041, quality=100}, 57B0 distance=Distance{length=2656, quality=100}, 151A distance=Distance{length=4816, quality=100}, D286 distance=Distance{length=4155, quality=100}
1147.013: 0x…D31C location data: position: x=2754 y=3469 z=966 q=70; distances: 47B2 distance=Distance{length=2023, quality=100}, 57B0 distance=Distance{length=2786, quality=100}, 151A distance=Distance{length=4755, quality=100}, D286 distance=Distance{length=4127, quality=100}
1147.110: 0x…D31C location data: position: x=2826 y=3424 z=989 q=74; distances: 47B2 distance=Distance{length=1934, quality=100}, 57B0 distance=Distance{length=2833, quality=100}, 151A distance=Distance{length=4694, quality=100}, D286 distance=Distance{length=4103, quality=100}
1147.210: 0x…D31C location data: position: x=2898 y=3397 z=1000 q=71; distances: 47B2 distance=Distance{length=1864, quality=100}, 57B0 distance=Distance{length=2899, quality=100}, 151A distance=Distance{length=4642, quality=100}, D286 distance=Distance{length=4174, quality=100}
1147.326: 0x…D31C location data: position: x=3006 y=3338 z=1007 q=71; distances: 47B2 distance=Distance{length=1756, quality=100}, 57B0 distance=Distance{length=3152, quality=100}, 151A distance=Distance{length=4623, quality=100}, D286 distance=Distance{length=4215, quality=100}
1147.411: 0x…D31C location data: position: x=3084 y=3300 z=967 q=68; distances: 47B2 distance=Distance{length=1798, quality=100}, 57B0 distance=Distance{length=3161, quality=100}, 151A distance=Distance{length=4529, quality=100}, D286 distance=Distance{length=4248, quality=100}
1147.510: 0x…D31C location data: position: x=3131 y=3273 z=948 q=69; distances: 47B2 distance=Distance{length=1821, quality=100}, 57B0 distance=Distance{length=3105, quality=100}, 151A distance=Distance{length=4492, quality=100}, D286 distance=Distance{length=4211, quality=100}
1147.609: 0x…D31C location data: position: x=3239 y=3180 z=934 q=70; distances: 47B2 distance=Distance{length=1765, quality=100}, 57B0 distance=Distance{length=3475, quality=100}, 151A distance=Distance{length=4501, quality=100}, D286 distance=Distance{length=4234, quality=100}
1147.710: 0x…D31C location data: position: x=3405 y=3020 z=1015 q=75; distances: 47B2 distance=Distance{length=1742, quality=100}, 57B0 distance=Distance{length=3887, quality=100}, 151A distance=Distance{length=4436, quality=100}, D286 distance=Distance{length=4262, quality=100}
1147.811: 0x…D31C location data: position: x=3617 y=2805 z=999 q=69; distances: 47B2 distance=Distance{length=1864, quality=100}, 151A distance=Distance{length=4295, quality=100}, 57B0 distance=Distance{length=4295, quality=100}, D286 distance=Distance{length=4304, quality=100}
1147.910: 0x…D31C location data: position: x=3568 y=2875 z=970 q=69; distances: 47B2 distance=Distance{length=1864, quality=100}, 151A distance=Distance{length=4206, quality=100}, 57B0 distance=Distance{length=3382, quality=100}, D286 distance=Distance{length=4346, quality=100}
1148.010: 0x…D31C location data: position: x=3578 y=2818 z=959 q=76; distances: 47B2 distance=Distance{length=1999, quality=100}, 151A distance=Distance{length=4103, quality=100}, 57B0 distance=Distance{length=3710, quality=100}, D286 distance=Distance{length=4211, quality=100}
1148.110: 0x…D31C location data: position: x=3589 y=2763 z=904 q=73; distances: 47B2 distance=Distance{length=1976, quality=100}, 151A distance=Distance{length=4038, quality=100}, 57B0 distance=Distance{length=3672, quality=100}, D286 distance=Distance{length=4122, quality=100}
1148.210: 0x…D31C location data: position: x=3390 y=3006 z=931 q=65; distances: 47B2 distance=Distance{length=1925, quality=100}, 151A distance=Distance{length=3916, quality=100}, 57B0 distance=Distance{length=3859, quality=100}, D286 distance=Distance{length=4188, quality=100}
1148.311: 0x…D31C location data: distances: 47B2 distance=Distance{length=1929, quality=100}, 151A distance=Distance{length=3869, quality=100}, 57B0 distance=Distance{length=4295, quality=100}, D286 distance=Distance{length=4084, quality=100}
1148.412: 0x…D31C location data: position: x=3270 y=3092 z=915 q=72; distances: D286 distance=Distance{length=4183, quality=100}, 57B0 distance=Distance{length=4122, quality=100}, 47B2 distance=Distance{length=2168, quality=100}, 151A distance=Distance{length=3752, quality=100}
1148.511: 0x…D31C location data: position: x=3196 y=3080 z=884 q=77; distances: 47B2 distance=Distance{length=2468, quality=100}, 57B0 distance=Distance{length=3883, quality=100}, 151A distance=Distance{length=3682, quality=100}, D286 distance=Distance{length=4216, quality=100}
1148.610: 0x…D31C location data: position: x=3145 y=3053 z=948 q=84; distances: 47B2 distance=Distance{length=2417, quality=100}, 57B0 distance=Distance{length=3925, quality=100}, 151A distance=Distance{length=3560, quality=100}, D286 distance=Distance{length=4131, quality=100}
1148.729: 0x…D31C location data: position: x=3120 y=3033 z=939 q=79; distances: 47B2 distance=Distance{length=2313, quality=100}, 57B0 distance=Distance{length=3977, quality=100}, 151A distance=Distance{length=3461, quality=100}, D286 distance=Distance{length=4099, quality=100}
1148.812: 0x…D31C location data: position: x=3046 y=3011 z=890 q=80; distances: 47B2 distance=Distance{length=2454, quality=100}, 57B0 distance=Distance{length=4014, quality=100}, 151A distance=Distance{length=3499, quality=100}, D286 distance=Distance{length=3850, quality=100}
1148.910: 0x…D31C location data: position: x=3005 y=2976 z=844 q=80; distances: 47B2 distance=Distance{length=2454, quality=100}, 57B0 distance=Distance{length=4056, quality=100}, 151A distance=Distance{length=3414, quality=100}, D286 distance=Distance{length=3845, quality=100}
1149.012: 0x…D31C location data: position: x=2940 y=2942 z=905 q=89; distances: 47B2 distance=Distance{length=2599, quality=100}, 57B0 distance=Distance{length=4019, quality=100}, 151A distance=Distance{length=3508, quality=100}, D286 distance=Distance{length=3771, quality=100}
1149.112: 0x…D31C location data: position: x=2889 y=2888 z=861 q=84; distances: 47B2 distance=Distance{length=2642, quality=100}, 57B0 distance=Distance{length=3916, quality=100}, 151A distance=Distance{length=3391, quality=100}, D286 distance=Distance{length=3639, quality=100}
1149.212: 0x…D31C location data: position: x=2859 y=2812 z=841 q=87; distances: 47B2 distance=Distance{length=2782, quality=100}, 57B0 distance=Distance{length=3906, quality=100}, 151A distance=Distance{length=3353, quality=100}, D286 distance=Distance{length=3654, quality=100}
1149.313: 0x…D31C location data: position: x=2836 y=2746 z=954 q=95; distances: 47B2 distance=Distance{length=2824, quality=100}, 57B0 distance=Distance{length=3920, quality=100}, 151A distance=Distance{length=3363, quality=100}, D286 distance=Distance{length=3668, quality=100}
1149.412: 0x…D31C location data: position: x=2811 y=2708 z=904 q=87; distances: 47B2 distance=Distance{length=2908, quality=100}, 57B0 distance=Distance{length=4014, quality=100}, 151A distance=Distance{length=3485, quality=100}, D286 distance=Distance{length=3743, quality=100}
1149.512: 0x…D31C location data: position: x=2794 y=2633 z=1012 q=97; distances: 47B2 distance=Distance{length=3026, quality=100}, 57B0 distance=Distance{length=4122, quality=100}, 151A distance=Distance{length=3372, quality=100}, D286 distance=Distance{length=3654, quality=100}
1149.612: 0x…D31C location data: position: x=2773 y=2553 z=1014 q=94; distances: 47B2 distance=Distance{length=3142, quality=100}, 57B0 distance=Distance{length=4084, quality=100}, 151A distance=Distance{length=3363, quality=100}, D286 distance=Distance{length=3597, quality=100}
1149.712: 0x…D31C location data: position: x=2766 y=2501 z=961 q=90; distances: 47B2 distance=Distance{length=3138, quality=100}, 57B0 distance=Distance{length=4197, quality=100}, 151A distance=Distance{length=3396, quality=100}, D286 distance=Distance{length=3677, quality=100}
1149.811: 0x…D31C location data: position: x=2733 y=2465 z=913 q=90; distances: 47B2 distance=Distance{length=3124, quality=100}, 57B0 distance=Distance{length=4328, quality=100}, 151A distance=Distance{length=3386, quality=100}, D286 distance=Distance{length=3508, quality=100}
1149.911: 0x…D31C location data: position: x=2679 y=2454 z=899 q=91; distances: 47B2 distance=Distance{length=3156, quality=100}, 57B0 distance=Distance{length=4220, quality=100}, 151A distance=Distance{length=3499, quality=100}, D286 distance=Distance{length=3452, quality=100}
1150.011: 0x…D31C location data: position: x=2623 y=2447 z=849 q=87; distances: 47B2 distance=Distance{length=3138, quality=100}, 57B0 distance=Distance{length=4019, quality=100}, 151A distance=Distance{length=3475, quality=100}, D286 distance=Distance{length=3344, quality=100}
1150.113: 0x…D31C location data: position: x=2586 y=2430 z=921 q=96; distances: 47B2 distance=Distance{length=3170, quality=100}, 57B0 distance=Distance{length=4028, quality=100}, 151A distance=Distance{length=3461, quality=100}, D286 distance=Distance{length=3353, quality=100}
1150.213: 0x…D31C location data: position: x=2562 y=2354 z=891 q=91; distances: 47B2 distance=Distance{length=3466, quality=100}, 57B0 distance=Distance{length=3902, quality=100}, 151A distance=Distance{length=3438, quality=100}, D286 distance=Distance{length=3349, quality=100}
1150.311: 0x…D31C location data: position: x=2554 y=2188 z=698 q=68; distances: 47B2 distance=Distance{length=3832, quality=100}, 57B0 distance=Distance{length=3859, quality=100}, 151A distance=Distance{length=3405, quality=100}, D286 distance=Distance{length=3306, quality=100}
1150.413: 0x…D31C location data: position: x=2513 y=2062 z=556 q=68; distances: 47B2 distance=Distance{length=3790, quality=100}, 57B0 distance=Distance{length=3799, quality=100}, 151A distance=Distance{length=3471, quality=100}, D286 distance=Distance{length=3227, quality=100}
1150.513: 0x…D31C location data: position: x=2467 y=1982 z=449 q=68; distances: D286 distance=Distance{length=3217, quality=100}, 151A distance=Distance{length=3550, quality=100}, 57B0 distance=Distance{length=3719, quality=100}, 47B2 distance=Distance{length=3700, quality=100}
1150.613: 0x…D31C location data: position: x=2407 y=2078 z=516 q=87; distances: D286 distance=Distance{length=3142, quality=100}, 151A distance=Distance{length=3602, quality=100}, 57B0 distance=Distance{length=3607, quality=100}, 47B2 distance=Distance{length=3349, quality=100}
1150.712: 0x…D31C location data: position: x=2481 y=1980 z=648 q=92; distances: D286 distance=Distance{length=3016, quality=100}, 57B0 distance=Distance{length=3588, quality=100}, 151A distance=Distance{length=3635, quality=100}, 47B2 distance=Distance{length=3377, quality=100}
1150.840: 0x…D31C location data: position: x=2535 y=1895 z=713 q=89; distances: D286 distance=Distance{length=2913, quality=100}, 151A distance=Distance{length=3808, quality=100}, 57B0 distance=Distance{length=3532, quality=100}, 47B2 distance=Distance{length=3330, quality=100}
1150.912: 0x…D31C location data: position: x=2531 y=1837 z=708 q=86; distances: D286 distance=Distance{length=2922, quality=100}, 151A distance=Distance{length=3813, quality=100}, 57B0 distance=Distance{length=3536, quality=100}, 47B2 distance=Distance{length=3579, quality=100}
1151.013: 0x…D31C location data: position: x=2527 y=1795 z=852 q=96; distances: D286 distance=Distance{length=2927, quality=100}, 151A distance=Distance{length=4286, quality=100}, 57B0 distance=Distance{length=3546, quality=100}, 47B2 distance=Distance{length=3593, quality=100}
1151.113: 0x…D31C location data: position: x=2526 y=1745 z=939 q=94; distances: D286 distance=Distance{length=2801, quality=100}, 151A distance=Distance{length=4253, quality=100}, 57B0 distance=Distance{length=3508, quality=100}, 47B2 distance=Distance{length=3546, quality=100}
1151.197: 0x…D31C location data: position: x=2514 y=1706 z=1018 q=94; distances: D286 distance=Distance{length=2754, quality=100}, 151A distance=Distance{length=3967, quality=100}, 57B0 distance=Distance{length=3480, quality=100}, 47B2 distance=Distance{length=3579, quality=100}
1151.314: 0x…D31C location data: position: x=2340 y=1836 z=946 q=84; distances: D286 distance=Distance{length=2675, quality=100}, 151A distance=Distance{length=3738, quality=100}, 57B0 distance=Distance{length=3522, quality=100}, 47B2 distance=Distance{length=3658, quality=100}
1151.405: 0x…D31C location data: position: x=2196 y=1954 z=889 q=82; distances: D286 distance=Distance{length=2609, quality=100}, 151A distance=Distance{length=3729, quality=100}, 57B0 distance=Distance{length=3513, quality=100}, 47B2 distance=Distance{length=3560, quality=100}
1151.553: 0x…D31C location data: position: x=2244 y=1820 z=846 q=82; distances: D286 distance=Distance{length=2585, quality=100}, 57B0 distance=Distance{length=3522, quality=100}, 151A distance=Distance{length=4188, quality=100}, 47B2 distance=Distance{length=3733, quality=100}
1151.600: 0x…D31C location data: position: x=2270 y=1716 z=812 q=81; distances: D286 distance=Distance{length=2548, quality=100}, 57B0 distance=Distance{length=3513, quality=100}, 151A distance=Distance{length=4056, quality=100}, 47B2 distance=Distance{length=3771, quality=100}
1151.705: 0x…D31C location data: position: x=2292 y=1624 z=880 q=87; distances: D286 distance=Distance{length=2449, quality=100}, 151A distance=Distance{length=4220, quality=100}, 57B0 distance=Distance{length=3499, quality=100}, 47B2 distance=Distance{length=3747, quality=100}
1151.797: 0x…D31C location data: position: x=2286 y=1577 z=890 q=85; distances: D286 distance=Distance{length=2445, quality=100}, 151A distance=Distance{length=4159, quality=100}, 57B0 distance=Distance{length=3400, quality=100}, 47B2 distance=Distance{length=3771, quality=100}
1151.901: 0x…D31C location data: position: x=2260 y=1448 z=880 q=74; distances: D286 distance=Distance{length=2412, quality=100}, 151A distance=Distance{length=3967, quality=100}, 57B0 distance=Distance{length=3855, quality=100}, 47B2 distance=Distance{length=4304, quality=100}
1152.006: 0x…D31C location data: position: x=2235 y=1392 z=972 q=83; distances: D286 distance=Distance{length=2398, quality=100}, 151A distance=Distance{length=3855, quality=100}, 57B0 distance=Distance{length=3668, quality=100}, 47B2 distance=Distance{length=4159, quality=100}
1152.096: 0x…D31C location data: position: x=2099 y=1369 z=782 q=56; distances: D286 distance=Distance{length=2492, quality=100}, 151A distance=Distance{length=3869, quality=100}, 57B0 distance=Distance{length=3677, quality=100}, 47B2 distance=Distance{length=4309, quality=100}
1152.201: 0x…D31C location data: position: x=2117 y=1316 z=767 q=74; distances: D286 distance=Distance{length=2379, quality=100}, 151A distance=Distance{length=3846, quality=100}, 57B0 distance=Distance{length=3696, quality=100}, 47B2 distance=Distance{length=4164, quality=100}
1152.306: 0x…D31C location data: position: x=2126 y=1275 z=834 q=79; distances: D286 distance=Distance{length=2384, quality=100}, 151A distance=Distance{length=3883, quality=100}, 57B0 distance=Distance{length=3743, quality=100}, 47B2 distance=Distance{length=4239, quality=100}
1152.396: 0x…D31C location data: position: x=2140 y=1225 z=902 q=78; distances: D286 distance=Distance{length=2266, quality=100}, 151A distance=Distance{length=3859, quality=100}, 57B0 distance=Distance{length=3715, quality=100}, 47B2 distance=Distance{length=4164, quality=100}
1152.502: 0x…D31C location data: position: x=1990 y=1195 z=765 q=52; distances: D286 distance=Distance{length=2215, quality=100}, 151A distance=Distance{length=3902, quality=100}, 57B0 distance=Distance{length=3724, quality=100}, 47B2 distance=Distance{length=4422, quality=100}
1152.605: 0x…D31C location data: position: x=2062 y=1111 z=763 q=69; distances: D286 distance=Distance{length=2144, quality=100}, 151A distance=Distance{length=3841, quality=100}, 57B0 distance=Distance{length=3794, quality=100}, 47B2 distance=Distance{length=4113, quality=100}
1152.697: 0x…D31C location data: position: x=2105 y=1056 z=862 q=75; distances: D286 distance=Distance{length=2130, quality=100}, 151A distance=Distance{length=3827, quality=100}, 57B0 distance=Distance{length=3790, quality=100}, 47B2 distance=Distance{length=4164, quality=100}
